GMAP version 2020-06-30 called with args: gmap.avx512 -d Aphrocallistes_instagraal_l4_n50_c1_N5.polished_sorted_softmasked STRG_ONT-RNA_minimap2_transdecoder_CDS.fasta -f 3 -B 4 -t 20 -n 1
Note: -n 1 will not report chimeric alignments.  If you want a single alignment plus chimeras, use -n 0 instead.
Checking compiler assumptions for SSE2: 6B8B4567 327B23C6 xor=59F066A1
Checking compiler assumptions for SSE4.1: -103 -58 max=198 => compiler zero extends
Checking compiler options for SSE4.2: 6B8B4567 __builtin_clz=1 __builtin_ctz=0 _mm_popcnt_u32=17 __builtin_popcount=17 
Finished checking compiler assumptions
Allocating memory for compressed genome (oligos)...done (30,120,032 bytes, 0.03 sec)
Looking for genome Aphrocallistes_instagraal_l4_n50_c1_N5.polished_sorted_softmasked in directory /home/ubuntu/tools/gmap-2020-06-30/gmapdb/Aphrocallistes_instagraal_l4_n50_c1_N5.polished_sorted_softmasked
Looking for index files in directory /home/ubuntu/tools/gmap-2020-06-30/gmapdb/Aphrocallistes_instagraal_l4_n50_c1_N5.polished_sorted_softmasked
  Pointers file is Aphrocallistes_instagraal_l4_n50_c1_N5.polished_sorted_softmasked.ref153offsets64meta
  Offsets file is Aphrocallistes_instagraal_l4_n50_c1_N5.polished_sorted_softmasked.ref153offsets64strm
  Positions file is Aphrocallistes_instagraal_l4_n50_c1_N5.polished_sorted_softmasked.ref153positions
Offsets compression type: bitpack64
Allocating memory for ref offset pointers, kmer 15, interval 3...done (134,217,744 bytes, 0.08 sec)
Allocating memory for ref offsets, kmer 15, interval 3...done (158,484,544 bytes, 0.10 sec)
Allocating memory for ref positions, kmer 15, interval 3...done (107,050,592 bytes, 0.06 sec)
Starting alignment
No paths found for STRG_ONT-RNA_minimap2_transcripts.14802.18.p1
No paths found for STRG_ONT-RNA_minimap2_transcripts.17854.1.p1
Processed 24456 queries in 26.10 seconds (937.01 queries/sec)
