
[93m[1m[4mChecking requirements[0m
[2m    Minipolish requires Minimap2 and Racon to run, so it checks for these tools[0m
[2mnow.[0m

Minimap2 found: /home/ubuntu/tools/minimap2/minimap2 (v2.17-r974-dirty)
Racon found:    /home/ubuntu/tools/racon/build/bin/racon (v1.4.16)


[93m[1m[4mLoading graph[0m
[2m    Loading the miniasm GFA graph into memory.[0m

Aphrocallistes_MINIASM_assembly-3_15kb_corrected_reads.gfa
  287 segments (75,377,509 bp)
  288 links


[93m[1m[4mInitial polishing round[0m
[2m    The first round of polishing is done on a per-segment basis and only uses[0m
[2mreads which are definitely associated with the segment (because the GFA[0m
[2mindicated that they were used to make the segment).[0m

Running Racon on utg000001l:
  reads:      /tmp/tmplmv8fntd/utg000001l_reads.fasta (114 reads)
  input:      /tmp/tmplmv8fntd/utg000001l.fasta (873,339 bp)
  alignments: /tmp/tmplmv8fntd/utg000001l.paf (17 alignments)
  output:     /tmp/tmplmv8fntd/utg000001l_polished.fasta (0 bp)

Removing empty segment: utg000001l

Running Racon on utg000002l:
  reads:      /tmp/tmplmv8fntd/utg000002l_reads.fasta (3 reads)
  input:      /tmp/tmplmv8fntd/utg000002l.fasta (51,199 bp)
  alignments: /tmp/tmplmv8fntd/utg000002l.paf (0 alignments)
  output:     /tmp/tmplmv8fntd/utg000002l_polished.fasta (0 bp)

Removing empty segment: utg000002l

Running Racon on utg000003l:
  reads:      /tmp/tmplmv8fntd/utg000003l_reads.fasta (89 reads)
  input:      /tmp/tmplmv8fntd/utg000003l.fasta (625,245 bp)
  alignments: /tmp/tmplmv8fntd/utg000003l.paf (15 alignments)
  output:     /tmp/tmplmv8fntd/utg000003l_polished.fasta (0 bp)

Removing empty segment: utg000003l

Running Racon on utg000004l:
  reads:      /tmp/tmplmv8fntd/utg000004l_reads.fasta (12 reads)
  input:      /tmp/tmplmv8fntd/utg000004l.fasta (82,363 bp)
  alignments: /tmp/tmplmv8fntd/utg000004l.paf (1 alignments)
  output:     /tmp/tmplmv8fntd/utg000004l_polished.fasta (0 bp)

Removing empty segment: utg000004l

Running Racon on utg000005l:
  reads:      /tmp/tmplmv8fntd/utg000005l_reads.fasta (49 reads)
  input:      /tmp/tmplmv8fntd/utg000005l.fasta (377,024 bp)
  alignments: /tmp/tmplmv8fntd/utg000005l.paf (12 alignments)
  output:     /tmp/tmplmv8fntd/utg000005l_polished.fasta (0 bp)

Removing empty segment: utg000005l

Running Racon on utg000006l:
  reads:      /tmp/tmplmv8fntd/utg000006l_reads.fasta (26 reads)
  input:      /tmp/tmplmv8fntd/utg000006l.fasta (225,420 bp)
  alignments: /tmp/tmplmv8fntd/utg000006l.paf (1 alignments)
  output:     /tmp/tmplmv8fntd/utg000006l_polished.fasta (0 bp)

Removing empty segment: utg000006l

Running Racon on utg000007l:
  reads:      /tmp/tmplmv8fntd/utg000007l_reads.fasta (60 reads)
  input:      /tmp/tmplmv8fntd/utg000007l.fasta (466,313 bp)
  alignments: /tmp/tmplmv8fntd/utg000007l.paf (11 alignments)
  output:     /tmp/tmplmv8fntd/utg000007l_polished.fasta (0 bp)

Removing empty segment: utg000007l

Running Racon on utg000008l:
  reads:      /tmp/tmplmv8fntd/utg000008l_reads.fasta (6 reads)
  input:      /tmp/tmplmv8fntd/utg000008l.fasta (55,427 bp)
  alignments: /tmp/tmplmv8fntd/utg000008l.paf (1 alignments)
  output:     /tmp/tmplmv8fntd/utg000008l_polished.fasta (0 bp)

Removing empty segment: utg000008l

Running Racon on utg000009l:
  reads:      /tmp/tmplmv8fntd/utg000009l_reads.fasta (7 reads)
  input:      /tmp/tmplmv8fntd/utg000009l.fasta (65,313 bp)
  alignments: /tmp/tmplmv8fntd/utg000009l.paf (1 alignments)
  output:     /tmp/tmplmv8fntd/utg000009l_polished.fasta (0 bp)

Removing empty segment: utg000009l

Running Racon on utg000010l:
  reads:      /tmp/tmplmv8fntd/utg000010l_reads.fasta (84 reads)
  input:      /tmp/tmplmv8fntd/utg000010l.fasta (579,835 bp)
  alignments: /tmp/tmplmv8fntd/utg000010l.paf (12 alignments)
  output:     /tmp/tmplmv8fntd/utg000010l_polished.fasta (0 bp)

Removing empty segment: utg000010l

Running Racon on utg000011l:
  reads:      /tmp/tmplmv8fntd/utg000011l_reads.fasta (106 reads)
  input:      /tmp/tmplmv8fntd/utg000011l.fasta (834,672 bp)
  alignments: /tmp/tmplmv8fntd/utg000011l.paf (30 alignments)
  output:     /tmp/tmplmv8fntd/utg000011l_polished.fasta (0 bp)

Removing empty segment: utg000011l

Running Racon on utg000012l:
  reads:      /tmp/tmplmv8fntd/utg000012l_reads.fasta (43 reads)
  input:      /tmp/tmplmv8fntd/utg000012l.fasta (360,055 bp)
  alignments: /tmp/tmplmv8fntd/utg000012l.paf (11 alignments)
  output:     /tmp/tmplmv8fntd/utg000012l_polished.fasta (0 bp)

Removing empty segment: utg000012l

Running Racon on utg000013l:
  reads:      /tmp/tmplmv8fntd/utg000013l_reads.fasta (32 reads)
  input:      /tmp/tmplmv8fntd/utg000013l.fasta (274,477 bp)
  alignments: /tmp/tmplmv8fntd/utg000013l.paf (5 alignments)
  output:     /tmp/tmplmv8fntd/utg000013l_polished.fasta (0 bp)

Removing empty segment: utg000013l

Running Racon on utg000014l:
  reads:      /tmp/tmplmv8fntd/utg000014l_reads.fasta (153 reads)
  input:      /tmp/tmplmv8fntd/utg000014l.fasta (1,076,818 bp)
  alignments: /tmp/tmplmv8fntd/utg000014l.paf (30 alignments)
  output:     /tmp/tmplmv8fntd/utg000014l_polished.fasta (1,076,818 bp)

Running Racon on utg000015l:
  reads:      /tmp/tmplmv8fntd/utg000015l_reads.fasta (41 reads)
  input:      /tmp/tmplmv8fntd/utg000015l.fasta (301,669 bp)
  alignments: /tmp/tmplmv8fntd/utg000015l.paf (7 alignments)
  output:     /tmp/tmplmv8fntd/utg000015l_polished.fasta (0 bp)

Removing empty segment: utg000015l

Running Racon on utg000016l:
  reads:      /tmp/tmplmv8fntd/utg000016l_reads.fasta (335 reads)
  input:      /tmp/tmplmv8fntd/utg000016l.fasta (2,288,595 bp)
  alignments: /tmp/tmplmv8fntd/utg000016l.paf (65 alignments)
  output:     /tmp/tmplmv8fntd/utg000016l_polished.fasta (2,288,595 bp)

Running Racon on utg000017l:
  reads:      /tmp/tmplmv8fntd/utg000017l_reads.fasta (57 reads)
  input:      /tmp/tmplmv8fntd/utg000017l.fasta (433,828 bp)
  alignments: /tmp/tmplmv8fntd/utg000017l.paf (15 alignments)
  output:     /tmp/tmplmv8fntd/utg000017l_polished.fasta (0 bp)

Removing empty segment: utg000017l

Running Racon on utg000018l:
  reads:      /tmp/tmplmv8fntd/utg000018l_reads.fasta (5 reads)
  input:      /tmp/tmplmv8fntd/utg000018l.fasta (64,550 bp)
  alignments: /tmp/tmplmv8fntd/utg000018l.paf (1 alignments)
  output:     /tmp/tmplmv8fntd/utg000018l_polished.fasta (0 bp)

Removing empty segment: utg000018l

Running Racon on utg000019l:
  reads:      /tmp/tmplmv8fntd/utg000019l_reads.fasta (7 reads)
  input:      /tmp/tmplmv8fntd/utg000019l.fasta (72,997 bp)
  alignments: /tmp/tmplmv8fntd/utg000019l.paf (2 alignments)
  output:     /tmp/tmplmv8fntd/utg000019l_polished.fasta (0 bp)

Removing empty segment: utg000019l

Running Racon on utg000020l:
  reads:      /tmp/tmplmv8fntd/utg000020l_reads.fasta (21 reads)
  input:      /tmp/tmplmv8fntd/utg000020l.fasta (190,819 bp)
  alignments: /tmp/tmplmv8fntd/utg000020l.paf (7 alignments)
  output:     /tmp/tmplmv8fntd/utg000020l_polished.fasta (0 bp)

Removing empty segment: utg000020l

Running Racon on utg000021l:
  reads:      /tmp/tmplmv8fntd/utg000021l_reads.fasta (15 reads)
  input:      /tmp/tmplmv8fntd/utg000021l.fasta (111,399 bp)
  alignments: /tmp/tmplmv8fntd/utg000021l.paf (1 alignments)
  output:     /tmp/tmplmv8fntd/utg000021l_polished.fasta (0 bp)

Removing empty segment: utg000021l

Running Racon on utg000022l:
  reads:      /tmp/tmplmv8fntd/utg000022l_reads.fasta (104 reads)
  input:      /tmp/tmplmv8fntd/utg000022l.fasta (834,308 bp)
  alignments: /tmp/tmplmv8fntd/utg000022l.paf (26 alignments)
  output:     /tmp/tmplmv8fntd/utg000022l_polished.fasta (0 bp)

Removing empty segment: utg000022l

Running Racon on utg000023l:
  reads:      /tmp/tmplmv8fntd/utg000023l_reads.fasta (57 reads)
  input:      /tmp/tmplmv8fntd/utg000023l.fasta (543,618 bp)
  alignments: /tmp/tmplmv8fntd/utg000023l.paf (11 alignments)
  output:     /tmp/tmplmv8fntd/utg000023l_polished.fasta (543,618 bp)

Running Racon on utg000024l:
  reads:      /tmp/tmplmv8fntd/utg000024l_reads.fasta (182 reads)
  input:      /tmp/tmplmv8fntd/utg000024l.fasta (1,336,560 bp)
  alignments: /tmp/tmplmv8fntd/utg000024l.paf (40 alignments)
  output:     /tmp/tmplmv8fntd/utg000024l_polished.fasta (1,336,560 bp)

Running Racon on utg000025l:
  reads:      /tmp/tmplmv8fntd/utg000025l_reads.fasta (32 reads)
  input:      /tmp/tmplmv8fntd/utg000025l.fasta (194,839 bp)
  alignments: /tmp/tmplmv8fntd/utg000025l.paf (9 alignments)
  output:     /tmp/tmplmv8fntd/utg000025l_polished.fasta (0 bp)

Removing empty segment: utg000025l

Running Racon on utg000026l:
  reads:      /tmp/tmplmv8fntd/utg000026l_reads.fasta (23 reads)
  input:      /tmp/tmplmv8fntd/utg000026l.fasta (179,464 bp)
  alignments: /tmp/tmplmv8fntd/utg000026l.paf (4 alignments)
  output:     /tmp/tmplmv8fntd/utg000026l_polished.fasta (179,464 bp)

Running Racon on utg000027l:
  reads:      /tmp/tmplmv8fntd/utg000027l_reads.fasta (10 reads)
  input:      /tmp/tmplmv8fntd/utg000027l.fasta (67,453 bp)
  alignments: /tmp/tmplmv8fntd/utg000027l.paf (3 alignments)
  output:     /tmp/tmplmv8fntd/utg000027l_polished.fasta (0 bp)

Removing empty segment: utg000027l

Running Racon on utg000028l:
  reads:      /tmp/tmplmv8fntd/utg000028l_reads.fasta (15 reads)
  input:      /tmp/tmplmv8fntd/utg000028l.fasta (139,316 bp)
  alignments: /tmp/tmplmv8fntd/utg000028l.paf (2 alignments)
  output:     /tmp/tmplmv8fntd/utg000028l_polished.fasta (0 bp)

Removing empty segment: utg000028l

Running Racon on utg000029l:
  reads:      /tmp/tmplmv8fntd/utg000029l_reads.fasta (69 reads)
  input:      /tmp/tmplmv8fntd/utg000029l.fasta (560,116 bp)
  alignments: /tmp/tmplmv8fntd/utg000029l.paf (11 alignments)
  output:     /tmp/tmplmv8fntd/utg000029l_polished.fasta (0 bp)

Removing empty segment: utg000029l

Running Racon on utg000030l:
  reads:      /tmp/tmplmv8fntd/utg000030l_reads.fasta (8 reads)
  input:      /tmp/tmplmv8fntd/utg000030l.fasta (74,339 bp)
  alignments: /tmp/tmplmv8fntd/utg000030l.paf (6 alignments)
  output:     /tmp/tmplmv8fntd/utg000030l_polished.fasta (0 bp)

Removing empty segment: utg000030l

Running Racon on utg000031l:
  reads:      /tmp/tmplmv8fntd/utg000031l_reads.fasta (28 reads)
  input:      /tmp/tmplmv8fntd/utg000031l.fasta (224,248 bp)
  alignments: /tmp/tmplmv8fntd/utg000031l.paf (7 alignments)
  output:     /tmp/tmplmv8fntd/utg000031l_polished.fasta (0 bp)

Removing empty segment: utg000031l

Running Racon on utg000032c:
  reads:      /tmp/tmplmv8fntd/utg000032c_reads.fasta (2 reads)
  input:      /tmp/tmplmv8fntd/utg000032c.fasta (11,889 bp)
  alignments: /tmp/tmplmv8fntd/utg000032c.paf (0 alignments)
  output:     /tmp/tmplmv8fntd/utg000032c_polished.fasta (0 bp)

Removing empty segment: utg000032c

Running Racon on utg000033l:
  reads:      /tmp/tmplmv8fntd/utg000033l_reads.fasta (26 reads)
  input:      /tmp/tmplmv8fntd/utg000033l.fasta (176,967 bp)
  alignments: /tmp/tmplmv8fntd/utg000033l.paf (4 alignments)
  output:     /tmp/tmplmv8fntd/utg000033l_polished.fasta (0 bp)

Removing empty segment: utg000033l

Running Racon on utg000034l:
  reads:      /tmp/tmplmv8fntd/utg000034l_reads.fasta (168 reads)
  input:      /tmp/tmplmv8fntd/utg000034l.fasta (1,270,750 bp)
  alignments: /tmp/tmplmv8fntd/utg000034l.paf (27 alignments)
  output:     /tmp/tmplmv8fntd/utg000034l_polished.fasta (1,270,750 bp)

Running Racon on utg000035l:
  reads:      /tmp/tmplmv8fntd/utg000035l_reads.fasta (215 reads)
  input:      /tmp/tmplmv8fntd/utg000035l.fasta (1,656,610 bp)
  alignments: /tmp/tmplmv8fntd/utg000035l.paf (45 alignments)
  output:     /tmp/tmplmv8fntd/utg000035l_polished.fasta (0 bp)

Removing empty segment: utg000035l

Running Racon on utg000036l:
  reads:      /tmp/tmplmv8fntd/utg000036l_reads.fasta (163 reads)
  input:      /tmp/tmplmv8fntd/utg000036l.fasta (1,174,327 bp)
  alignments: /tmp/tmplmv8fntd/utg000036l.paf (38 alignments)
  output:     /tmp/tmplmv8fntd/utg000036l_polished.fasta (1,174,328 bp)

Running Racon on utg000037l:
  reads:      /tmp/tmplmv8fntd/utg000037l_reads.fasta (93 reads)
  input:      /tmp/tmplmv8fntd/utg000037l.fasta (727,114 bp)
  alignments: /tmp/tmplmv8fntd/utg000037l.paf (17 alignments)
  output:     /tmp/tmplmv8fntd/utg000037l_polished.fasta (0 bp)

Removing empty segment: utg000037l

Running Racon on utg000038l:
  reads:      /tmp/tmplmv8fntd/utg000038l_reads.fasta (264 reads)
  input:      /tmp/tmplmv8fntd/utg000038l.fasta (2,007,598 bp)
  alignments: /tmp/tmplmv8fntd/utg000038l.paf (34 alignments)
  output:     /tmp/tmplmv8fntd/utg000038l_polished.fasta (0 bp)

Removing empty segment: utg000038l

Running Racon on utg000039l:
  reads:      /tmp/tmplmv8fntd/utg000039l_reads.fasta (186 reads)
  input:      /tmp/tmplmv8fntd/utg000039l.fasta (1,323,656 bp)
  alignments: /tmp/tmplmv8fntd/utg000039l.paf (37 alignments)
  output:     /tmp/tmplmv8fntd/utg000039l_polished.fasta (0 bp)

Removing empty segment: utg000039l

Running Racon on utg000040l:
  reads:      /tmp/tmplmv8fntd/utg000040l_reads.fasta (101 reads)
  input:      /tmp/tmplmv8fntd/utg000040l.fasta (809,285 bp)
  alignments: /tmp/tmplmv8fntd/utg000040l.paf (17 alignments)
  output:     /tmp/tmplmv8fntd/utg000040l_polished.fasta (0 bp)

Removing empty segment: utg000040l

Running Racon on utg000041l:
  reads:      /tmp/tmplmv8fntd/utg000041l_reads.fasta (29 reads)
  input:      /tmp/tmplmv8fntd/utg000041l.fasta (218,693 bp)
  alignments: /tmp/tmplmv8fntd/utg000041l.paf (4 alignments)
  output:     /tmp/tmplmv8fntd/utg000041l_polished.fasta (0 bp)

Removing empty segment: utg000041l

Running Racon on utg000042l:
  reads:      /tmp/tmplmv8fntd/utg000042l_reads.fasta (77 reads)
  input:      /tmp/tmplmv8fntd/utg000042l.fasta (498,588 bp)
  alignments: /tmp/tmplmv8fntd/utg000042l.paf (13 alignments)
  output:     /tmp/tmplmv8fntd/utg000042l_polished.fasta (498,589 bp)

Running Racon on utg000043l:
  reads:      /tmp/tmplmv8fntd/utg000043l_reads.fasta (85 reads)
  input:      /tmp/tmplmv8fntd/utg000043l.fasta (587,390 bp)
  alignments: /tmp/tmplmv8fntd/utg000043l.paf (15 alignments)
  output:     /tmp/tmplmv8fntd/utg000043l_polished.fasta (0 bp)

Removing empty segment: utg000043l

Running Racon on utg000044l:
  reads:      /tmp/tmplmv8fntd/utg000044l_reads.fasta (128 reads)
  input:      /tmp/tmplmv8fntd/utg000044l.fasta (947,746 bp)
  alignments: /tmp/tmplmv8fntd/utg000044l.paf (21 alignments)
  output:     /tmp/tmplmv8fntd/utg000044l_polished.fasta (0 bp)

Removing empty segment: utg000044l

Running Racon on utg000045l:
  reads:      /tmp/tmplmv8fntd/utg000045l_reads.fasta (162 reads)
  input:      /tmp/tmplmv8fntd/utg000045l.fasta (1,353,991 bp)
  alignments: /tmp/tmplmv8fntd/utg000045l.paf (33 alignments)
  output:     /tmp/tmplmv8fntd/utg000045l_polished.fasta (0 bp)

Removing empty segment: utg000045l

Running Racon on utg000046l:
  reads:      /tmp/tmplmv8fntd/utg000046l_reads.fasta (20 reads)
  input:      /tmp/tmplmv8fntd/utg000046l.fasta (148,924 bp)
  alignments: /tmp/tmplmv8fntd/utg000046l.paf (4 alignments)
  output:     /tmp/tmplmv8fntd/utg000046l_polished.fasta (0 bp)

Removing empty segment: utg000046l

Running Racon on utg000047l:
  reads:      /tmp/tmplmv8fntd/utg000047l_reads.fasta (5 reads)
  input:      /tmp/tmplmv8fntd/utg000047l.fasta (43,871 bp)
  alignments: /tmp/tmplmv8fntd/utg000047l.paf (0 alignments)
  output:     /tmp/tmplmv8fntd/utg000047l_polished.fasta (0 bp)

Removing empty segment: utg000047l

Running Racon on utg000048l:
  reads:      /tmp/tmplmv8fntd/utg000048l_reads.fasta (42 reads)
  input:      /tmp/tmplmv8fntd/utg000048l.fasta (379,087 bp)
  alignments: /tmp/tmplmv8fntd/utg000048l.paf (11 alignments)
  output:     /tmp/tmplmv8fntd/utg000048l_polished.fasta (0 bp)

Removing empty segment: utg000048l

Running Racon on utg000049l:
  reads:      /tmp/tmplmv8fntd/utg000049l_reads.fasta (85 reads)
  input:      /tmp/tmplmv8fntd/utg000049l.fasta (504,902 bp)
  alignments: /tmp/tmplmv8fntd/utg000049l.paf (22 alignments)
  output:     /tmp/tmplmv8fntd/utg000049l_polished.fasta (0 bp)

Removing empty segment: utg000049l

Running Racon on utg000050l:
  reads:      /tmp/tmplmv8fntd/utg000050l_reads.fasta (4 reads)
  input:      /tmp/tmplmv8fntd/utg000050l.fasta (41,356 bp)
  alignments: /tmp/tmplmv8fntd/utg000050l.paf (0 alignments)
  output:     /tmp/tmplmv8fntd/utg000050l_polished.fasta (0 bp)

Removing empty segment: utg000050l

Running Racon on utg000051l:
  reads:      /tmp/tmplmv8fntd/utg000051l_reads.fasta (70 reads)
  input:      /tmp/tmplmv8fntd/utg000051l.fasta (545,187 bp)
  alignments: /tmp/tmplmv8fntd/utg000051l.paf (14 alignments)
  output:     /tmp/tmplmv8fntd/utg000051l_polished.fasta (0 bp)

Removing empty segment: utg000051l

Running Racon on utg000052l:
  reads:      /tmp/tmplmv8fntd/utg000052l_reads.fasta (59 reads)
  input:      /tmp/tmplmv8fntd/utg000052l.fasta (411,229 bp)
  alignments: /tmp/tmplmv8fntd/utg000052l.paf (9 alignments)
  output:     /tmp/tmplmv8fntd/utg000052l_polished.fasta (0 bp)

Removing empty segment: utg000052l

Running Racon on utg000053l:
  reads:      /tmp/tmplmv8fntd/utg000053l_reads.fasta (29 reads)
  input:      /tmp/tmplmv8fntd/utg000053l.fasta (216,560 bp)
  alignments: /tmp/tmplmv8fntd/utg000053l.paf (5 alignments)
  output:     /tmp/tmplmv8fntd/utg000053l_polished.fasta (0 bp)

Removing empty segment: utg000053l

Running Racon on utg000054l:
  reads:      /tmp/tmplmv8fntd/utg000054l_reads.fasta (71 reads)
  input:      /tmp/tmplmv8fntd/utg000054l.fasta (509,188 bp)
  alignments: /tmp/tmplmv8fntd/utg000054l.paf (17 alignments)
  output:     /tmp/tmplmv8fntd/utg000054l_polished.fasta (0 bp)

Removing empty segment: utg000054l

Running Racon on utg000055l:
  reads:      /tmp/tmplmv8fntd/utg000055l_reads.fasta (15 reads)
  input:      /tmp/tmplmv8fntd/utg000055l.fasta (99,390 bp)
  alignments: /tmp/tmplmv8fntd/utg000055l.paf (1 alignments)
  output:     /tmp/tmplmv8fntd/utg000055l_polished.fasta (0 bp)

Removing empty segment: utg000055l

Running Racon on utg000056l:
  reads:      /tmp/tmplmv8fntd/utg000056l_reads.fasta (241 reads)
  input:      /tmp/tmplmv8fntd/utg000056l.fasta (2,064,129 bp)
  alignments: /tmp/tmplmv8fntd/utg000056l.paf (57 alignments)
  output:     /tmp/tmplmv8fntd/utg000056l_polished.fasta (2,064,129 bp)

Running Racon on utg000057l:
  reads:      /tmp/tmplmv8fntd/utg000057l_reads.fasta (37 reads)
  input:      /tmp/tmplmv8fntd/utg000057l.fasta (401,221 bp)
  alignments: /tmp/tmplmv8fntd/utg000057l.paf (9 alignments)
  output:     /tmp/tmplmv8fntd/utg000057l_polished.fasta (401,223 bp)

Running Racon on utg000058l:
  reads:      /tmp/tmplmv8fntd/utg000058l_reads.fasta (41 reads)
  input:      /tmp/tmplmv8fntd/utg000058l.fasta (316,840 bp)
  alignments: /tmp/tmplmv8fntd/utg000058l.paf (9 alignments)
  output:     /tmp/tmplmv8fntd/utg000058l_polished.fasta (0 bp)

Removing empty segment: utg000058l

Running Racon on utg000059l:
  reads:      /tmp/tmplmv8fntd/utg000059l_reads.fasta (156 reads)
  input:      /tmp/tmplmv8fntd/utg000059l.fasta (1,185,300 bp)
  alignments: /tmp/tmplmv8fntd/utg000059l.paf (29 alignments)
  output:     /tmp/tmplmv8fntd/utg000059l_polished.fasta (0 bp)

Removing empty segment: utg000059l

Running Racon on utg000060l:
  reads:      /tmp/tmplmv8fntd/utg000060l_reads.fasta (135 reads)
  input:      /tmp/tmplmv8fntd/utg000060l.fasta (1,138,681 bp)
  alignments: /tmp/tmplmv8fntd/utg000060l.paf (29 alignments)
  output:     /tmp/tmplmv8fntd/utg000060l_polished.fasta (0 bp)

Removing empty segment: utg000060l

Running Racon on utg000061l:
  reads:      /tmp/tmplmv8fntd/utg000061l_reads.fasta (50 reads)
  input:      /tmp/tmplmv8fntd/utg000061l.fasta (360,064 bp)
  alignments: /tmp/tmplmv8fntd/utg000061l.paf (8 alignments)
  output:     /tmp/tmplmv8fntd/utg000061l_polished.fasta (0 bp)

Removing empty segment: utg000061l

Running Racon on utg000062l:
  reads:      /tmp/tmplmv8fntd/utg000062l_reads.fasta (117 reads)
  input:      /tmp/tmplmv8fntd/utg000062l.fasta (750,712 bp)
  alignments: /tmp/tmplmv8fntd/utg000062l.paf (27 alignments)
  output:     /tmp/tmplmv8fntd/utg000062l_polished.fasta (0 bp)

Removing empty segment: utg000062l

Running Racon on utg000063l:
  reads:      /tmp/tmplmv8fntd/utg000063l_reads.fasta (143 reads)
  input:      /tmp/tmplmv8fntd/utg000063l.fasta (1,095,574 bp)
  alignments: /tmp/tmplmv8fntd/utg000063l.paf (30 alignments)
  output:     /tmp/tmplmv8fntd/utg000063l_polished.fasta (1,095,574 bp)

Running Racon on utg000064l:
  reads:      /tmp/tmplmv8fntd/utg000064l_reads.fasta (5 reads)
  input:      /tmp/tmplmv8fntd/utg000064l.fasta (28,228 bp)
  alignments: /tmp/tmplmv8fntd/utg000064l.paf (0 alignments)
  output:     /tmp/tmplmv8fntd/utg000064l_polished.fasta (0 bp)

Removing empty segment: utg000064l

Running Racon on utg000065l:
  reads:      /tmp/tmplmv8fntd/utg000065l_reads.fasta (10 reads)
  input:      /tmp/tmplmv8fntd/utg000065l.fasta (46,712 bp)
  alignments: /tmp/tmplmv8fntd/utg000065l.paf (2 alignments)
  output:     /tmp/tmplmv8fntd/utg000065l_polished.fasta (0 bp)

Removing empty segment: utg000065l

Running Racon on utg000066l:
  reads:      /tmp/tmplmv8fntd/utg000066l_reads.fasta (16 reads)
  input:      /tmp/tmplmv8fntd/utg000066l.fasta (129,489 bp)
  alignments: /tmp/tmplmv8fntd/utg000066l.paf (8 alignments)
  output:     /tmp/tmplmv8fntd/utg000066l_polished.fasta (0 bp)

Removing empty segment: utg000066l

Running Racon on utg000067l:
  reads:      /tmp/tmplmv8fntd/utg000067l_reads.fasta (26 reads)
  input:      /tmp/tmplmv8fntd/utg000067l.fasta (167,827 bp)
  alignments: /tmp/tmplmv8fntd/utg000067l.paf (2 alignments)
  output:     /tmp/tmplmv8fntd/utg000067l_polished.fasta (0 bp)

Removing empty segment: utg000067l

Running Racon on utg000068l:
  reads:      /tmp/tmplmv8fntd/utg000068l_reads.fasta (234 reads)
  input:      /tmp/tmplmv8fntd/utg000068l.fasta (1,689,494 bp)
  alignments: /tmp/tmplmv8fntd/utg000068l.paf (35 alignments)
  output:     /tmp/tmplmv8fntd/utg000068l_polished.fasta (1,689,494 bp)

Running Racon on utg000069l:
  reads:      /tmp/tmplmv8fntd/utg000069l_reads.fasta (8 reads)
  input:      /tmp/tmplmv8fntd/utg000069l.fasta (81,834 bp)
  alignments: /tmp/tmplmv8fntd/utg000069l.paf (2 alignments)
  output:     /tmp/tmplmv8fntd/utg000069l_polished.fasta (0 bp)

Removing empty segment: utg000069l

Running Racon on utg000070l:
  reads:      /tmp/tmplmv8fntd/utg000070l_reads.fasta (160 reads)
  input:      /tmp/tmplmv8fntd/utg000070l.fasta (1,325,710 bp)
  alignments: /tmp/tmplmv8fntd/utg000070l.paf (34 alignments)
  output:     /tmp/tmplmv8fntd/utg000070l_polished.fasta (0 bp)

Removing empty segment: utg000070l

Running Racon on utg000071l:
  reads:      /tmp/tmplmv8fntd/utg000071l_reads.fasta (26 reads)
  input:      /tmp/tmplmv8fntd/utg000071l.fasta (177,957 bp)
  alignments: /tmp/tmplmv8fntd/utg000071l.paf (4 alignments)
  output:     /tmp/tmplmv8fntd/utg000071l_polished.fasta (0 bp)

Removing empty segment: utg000071l

Running Racon on utg000072l:
  reads:      /tmp/tmplmv8fntd/utg000072l_reads.fasta (88 reads)
  input:      /tmp/tmplmv8fntd/utg000072l.fasta (642,067 bp)
  alignments: /tmp/tmplmv8fntd/utg000072l.paf (14 alignments)
  output:     /tmp/tmplmv8fntd/utg000072l_polished.fasta (0 bp)

Removing empty segment: utg000072l

Running Racon on utg000073l:
  reads:      /tmp/tmplmv8fntd/utg000073l_reads.fasta (135 reads)
  input:      /tmp/tmplmv8fntd/utg000073l.fasta (991,290 bp)
  alignments: /tmp/tmplmv8fntd/utg000073l.paf (25 alignments)
  output:     /tmp/tmplmv8fntd/utg000073l_polished.fasta (0 bp)

Removing empty segment: utg000073l

Running Racon on utg000074l:
  reads:      /tmp/tmplmv8fntd/utg000074l_reads.fasta (40 reads)
  input:      /tmp/tmplmv8fntd/utg000074l.fasta (294,018 bp)
  alignments: /tmp/tmplmv8fntd/utg000074l.paf (8 alignments)
  output:     /tmp/tmplmv8fntd/utg000074l_polished.fasta (0 bp)

Removing empty segment: utg000074l

Running Racon on utg000075l:
  reads:      /tmp/tmplmv8fntd/utg000075l_reads.fasta (91 reads)
  input:      /tmp/tmplmv8fntd/utg000075l.fasta (582,023 bp)
  alignments: /tmp/tmplmv8fntd/utg000075l.paf (16 alignments)
  output:     /tmp/tmplmv8fntd/utg000075l_polished.fasta (0 bp)

Removing empty segment: utg000075l

Running Racon on utg000076l:
  reads:      /tmp/tmplmv8fntd/utg000076l_reads.fasta (42 reads)
  input:      /tmp/tmplmv8fntd/utg000076l.fasta (268,475 bp)
  alignments: /tmp/tmplmv8fntd/utg000076l.paf (3 alignments)
  output:     /tmp/tmplmv8fntd/utg000076l_polished.fasta (0 bp)

Removing empty segment: utg000076l

Running Racon on utg000077l:
  reads:      /tmp/tmplmv8fntd/utg000077l_reads.fasta (14 reads)
  input:      /tmp/tmplmv8fntd/utg000077l.fasta (148,782 bp)
  alignments: /tmp/tmplmv8fntd/utg000077l.paf (10 alignments)
  output:     /tmp/tmplmv8fntd/utg000077l_polished.fasta (0 bp)

Removing empty segment: utg000077l

Running Racon on utg000078l:
  reads:      /tmp/tmplmv8fntd/utg000078l_reads.fasta (8 reads)
  input:      /tmp/tmplmv8fntd/utg000078l.fasta (80,207 bp)
  alignments: /tmp/tmplmv8fntd/utg000078l.paf (0 alignments)
  output:     /tmp/tmplmv8fntd/utg000078l_polished.fasta (0 bp)

Removing empty segment: utg000078l

Running Racon on utg000079l:
  reads:      /tmp/tmplmv8fntd/utg000079l_reads.fasta (29 reads)
  input:      /tmp/tmplmv8fntd/utg000079l.fasta (215,017 bp)
  alignments: /tmp/tmplmv8fntd/utg000079l.paf (10 alignments)
  output:     /tmp/tmplmv8fntd/utg000079l_polished.fasta (0 bp)

Removing empty segment: utg000079l

Running Racon on utg000080l:
  reads:      /tmp/tmplmv8fntd/utg000080l_reads.fasta (17 reads)
  input:      /tmp/tmplmv8fntd/utg000080l.fasta (109,908 bp)
  alignments: /tmp/tmplmv8fntd/utg000080l.paf (4 alignments)
  output:     /tmp/tmplmv8fntd/utg000080l_polished.fasta (0 bp)

Removing empty segment: utg000080l

Running Racon on utg000081l:
  reads:      /tmp/tmplmv8fntd/utg000081l_reads.fasta (2 reads)
  input:      /tmp/tmplmv8fntd/utg000081l.fasta (29,193 bp)
  alignments: /tmp/tmplmv8fntd/utg000081l.paf (1 alignments)
  output:     /tmp/tmplmv8fntd/utg000081l_polished.fasta (0 bp)

Removing empty segment: utg000081l

Running Racon on utg000082l:
  reads:      /tmp/tmplmv8fntd/utg000082l_reads.fasta (15 reads)
  input:      /tmp/tmplmv8fntd/utg000082l.fasta (153,527 bp)
  alignments: /tmp/tmplmv8fntd/utg000082l.paf (2 alignments)
  output:     /tmp/tmplmv8fntd/utg000082l_polished.fasta (0 bp)

Removing empty segment: utg000082l

Running Racon on utg000083l:
  reads:      /tmp/tmplmv8fntd/utg000083l_reads.fasta (63 reads)
  input:      /tmp/tmplmv8fntd/utg000083l.fasta (374,226 bp)
  alignments: /tmp/tmplmv8fntd/utg000083l.paf (10 alignments)
  output:     /tmp/tmplmv8fntd/utg000083l_polished.fasta (0 bp)

Removing empty segment: utg000083l

Running Racon on utg000084l:
  reads:      /tmp/tmplmv8fntd/utg000084l_reads.fasta (32 reads)
  input:      /tmp/tmplmv8fntd/utg000084l.fasta (279,916 bp)
  alignments: /tmp/tmplmv8fntd/utg000084l.paf (8 alignments)
  output:     /tmp/tmplmv8fntd/utg000084l_polished.fasta (0 bp)

Removing empty segment: utg000084l

Running Racon on utg000085l:
  reads:      /tmp/tmplmv8fntd/utg000085l_reads.fasta (127 reads)
  input:      /tmp/tmplmv8fntd/utg000085l.fasta (881,851 bp)
  alignments: /tmp/tmplmv8fntd/utg000085l.paf (20 alignments)
  output:     /tmp/tmplmv8fntd/utg000085l_polished.fasta (0 bp)

Removing empty segment: utg000085l

Running Racon on utg000086l:
  reads:      /tmp/tmplmv8fntd/utg000086l_reads.fasta (8 reads)
  input:      /tmp/tmplmv8fntd/utg000086l.fasta (47,476 bp)
  alignments: /tmp/tmplmv8fntd/utg000086l.paf (3 alignments)
  output:     /tmp/tmplmv8fntd/utg000086l_polished.fasta (0 bp)

Removing empty segment: utg000086l

Running Racon on utg000087l:
  reads:      /tmp/tmplmv8fntd/utg000087l_reads.fasta (7 reads)
  input:      /tmp/tmplmv8fntd/utg000087l.fasta (51,888 bp)
  alignments: /tmp/tmplmv8fntd/utg000087l.paf (1 alignments)
  output:     /tmp/tmplmv8fntd/utg000087l_polished.fasta (0 bp)

Removing empty segment: utg000087l

Running Racon on utg000088l:
  reads:      /tmp/tmplmv8fntd/utg000088l_reads.fasta (7 reads)
  input:      /tmp/tmplmv8fntd/utg000088l.fasta (45,117 bp)
  alignments: /tmp/tmplmv8fntd/utg000088l.paf (1 alignments)
  output:     /tmp/tmplmv8fntd/utg000088l_polished.fasta (0 bp)

Removing empty segment: utg000088l

Running Racon on utg000089l:
  reads:      /tmp/tmplmv8fntd/utg000089l_reads.fasta (69 reads)
  input:      /tmp/tmplmv8fntd/utg000089l.fasta (552,925 bp)
  alignments: /tmp/tmplmv8fntd/utg000089l.paf (9 alignments)
  output:     /tmp/tmplmv8fntd/utg000089l_polished.fasta (0 bp)

Removing empty segment: utg000089l

Running Racon on utg000090l:
  reads:      /tmp/tmplmv8fntd/utg000090l_reads.fasta (79 reads)
  input:      /tmp/tmplmv8fntd/utg000090l.fasta (689,488 bp)
  alignments: /tmp/tmplmv8fntd/utg000090l.paf (12 alignments)
  output:     /tmp/tmplmv8fntd/utg000090l_polished.fasta (0 bp)

Removing empty segment: utg000090l

Running Racon on utg000091l:
  reads:      /tmp/tmplmv8fntd/utg000091l_reads.fasta (12 reads)
  input:      /tmp/tmplmv8fntd/utg000091l.fasta (118,665 bp)
  alignments: /tmp/tmplmv8fntd/utg000091l.paf (0 alignments)
  output:     /tmp/tmplmv8fntd/utg000091l_polished.fasta (0 bp)

Removing empty segment: utg000091l

Running Racon on utg000092l:
  reads:      /tmp/tmplmv8fntd/utg000092l_reads.fasta (34 reads)
  input:      /tmp/tmplmv8fntd/utg000092l.fasta (288,566 bp)
  alignments: /tmp/tmplmv8fntd/utg000092l.paf (10 alignments)
  output:     /tmp/tmplmv8fntd/utg000092l_polished.fasta (0 bp)

Removing empty segment: utg000092l

Running Racon on utg000093l:
  reads:      /tmp/tmplmv8fntd/utg000093l_reads.fasta (50 reads)
  input:      /tmp/tmplmv8fntd/utg000093l.fasta (379,489 bp)
  alignments: /tmp/tmplmv8fntd/utg000093l.paf (11 alignments)
  output:     /tmp/tmplmv8fntd/utg000093l_polished.fasta (0 bp)

Removing empty segment: utg000093l

Running Racon on utg000094l:
  reads:      /tmp/tmplmv8fntd/utg000094l_reads.fasta (29 reads)
  input:      /tmp/tmplmv8fntd/utg000094l.fasta (273,367 bp)
  alignments: /tmp/tmplmv8fntd/utg000094l.paf (4 alignments)
  output:     /tmp/tmplmv8fntd/utg000094l_polished.fasta (0 bp)

Removing empty segment: utg000094l

Running Racon on utg000095l:
  reads:      /tmp/tmplmv8fntd/utg000095l_reads.fasta (13 reads)
  input:      /tmp/tmplmv8fntd/utg000095l.fasta (139,148 bp)
  alignments: /tmp/tmplmv8fntd/utg000095l.paf (3 alignments)
  output:     /tmp/tmplmv8fntd/utg000095l_polished.fasta (0 bp)

Removing empty segment: utg000095l

Running Racon on utg000096l:
  reads:      /tmp/tmplmv8fntd/utg000096l_reads.fasta (2 reads)
  input:      /tmp/tmplmv8fntd/utg000096l.fasta (30,184 bp)
  alignments: /tmp/tmplmv8fntd/utg000096l.paf (2 alignments)
  output:     /tmp/tmplmv8fntd/utg000096l_polished.fasta (0 bp)

Removing empty segment: utg000096l

Running Racon on utg000097l:
  reads:      /tmp/tmplmv8fntd/utg000097l_reads.fasta (74 reads)
  input:      /tmp/tmplmv8fntd/utg000097l.fasta (546,246 bp)
  alignments: /tmp/tmplmv8fntd/utg000097l.paf (25 alignments)
  output:     /tmp/tmplmv8fntd/utg000097l_polished.fasta (0 bp)

Removing empty segment: utg000097l

Running Racon on utg000098l:
  reads:      /tmp/tmplmv8fntd/utg000098l_reads.fasta (14 reads)
  input:      /tmp/tmplmv8fntd/utg000098l.fasta (149,500 bp)
  alignments: /tmp/tmplmv8fntd/utg000098l.paf (5 alignments)
  output:     /tmp/tmplmv8fntd/utg000098l_polished.fasta (0 bp)

Removing empty segment: utg000098l

Running Racon on utg000099l:
  reads:      /tmp/tmplmv8fntd/utg000099l_reads.fasta (17 reads)
  input:      /tmp/tmplmv8fntd/utg000099l.fasta (128,897 bp)
  alignments: /tmp/tmplmv8fntd/utg000099l.paf (5 alignments)
  output:     /tmp/tmplmv8fntd/utg000099l_polished.fasta (128,899 bp)

Running Racon on utg000100l:
  reads:      /tmp/tmplmv8fntd/utg000100l_reads.fasta (25 reads)
  input:      /tmp/tmplmv8fntd/utg000100l.fasta (255,186 bp)
  alignments: /tmp/tmplmv8fntd/utg000100l.paf (7 alignments)
  output:     /tmp/tmplmv8fntd/utg000100l_polished.fasta (0 bp)

Removing empty segment: utg000100l

Running Racon on utg000101l:
  reads:      /tmp/tmplmv8fntd/utg000101l_reads.fasta (25 reads)
  input:      /tmp/tmplmv8fntd/utg000101l.fasta (216,082 bp)
  alignments: /tmp/tmplmv8fntd/utg000101l.paf (5 alignments)
  output:     /tmp/tmplmv8fntd/utg000101l_polished.fasta (0 bp)

Removing empty segment: utg000101l

Running Racon on utg000102l:
  reads:      /tmp/tmplmv8fntd/utg000102l_reads.fasta (116 reads)
  input:      /tmp/tmplmv8fntd/utg000102l.fasta (849,181 bp)
  alignments: /tmp/tmplmv8fntd/utg000102l.paf (32 alignments)
  output:     /tmp/tmplmv8fntd/utg000102l_polished.fasta (849,185 bp)

Running Racon on utg000103l:
  reads:      /tmp/tmplmv8fntd/utg000103l_reads.fasta (6 reads)
  input:      /tmp/tmplmv8fntd/utg000103l.fasta (52,087 bp)
  alignments: /tmp/tmplmv8fntd/utg000103l.paf (1 alignments)
  output:     /tmp/tmplmv8fntd/utg000103l_polished.fasta (0 bp)

Removing empty segment: utg000103l

Running Racon on utg000104l:
  reads:      /tmp/tmplmv8fntd/utg000104l_reads.fasta (71 reads)
  input:      /tmp/tmplmv8fntd/utg000104l.fasta (521,245 bp)
  alignments: /tmp/tmplmv8fntd/utg000104l.paf (17 alignments)
  output:     /tmp/tmplmv8fntd/utg000104l_polished.fasta (0 bp)

Removing empty segment: utg000104l

Running Racon on utg000105l:
  reads:      /tmp/tmplmv8fntd/utg000105l_reads.fasta (21 reads)
  input:      /tmp/tmplmv8fntd/utg000105l.fasta (136,020 bp)
  alignments: /tmp/tmplmv8fntd/utg000105l.paf (6 alignments)
  output:     /tmp/tmplmv8fntd/utg000105l_polished.fasta (0 bp)

Removing empty segment: utg000105l

Running Racon on utg000106l:
  reads:      /tmp/tmplmv8fntd/utg000106l_reads.fasta (89 reads)
  input:      /tmp/tmplmv8fntd/utg000106l.fasta (604,163 bp)
  alignments: /tmp/tmplmv8fntd/utg000106l.paf (22 alignments)
  output:     /tmp/tmplmv8fntd/utg000106l_polished.fasta (0 bp)

Removing empty segment: utg000106l

Running Racon on utg000107l:
  reads:      /tmp/tmplmv8fntd/utg000107l_reads.fasta (6 reads)
  input:      /tmp/tmplmv8fntd/utg000107l.fasta (93,160 bp)
  alignments: /tmp/tmplmv8fntd/utg000107l.paf (1 alignments)
  output:     /tmp/tmplmv8fntd/utg000107l_polished.fasta (0 bp)

Removing empty segment: utg000107l

Running Racon on utg000108l:
  reads:      /tmp/tmplmv8fntd/utg000108l_reads.fasta (75 reads)
  input:      /tmp/tmplmv8fntd/utg000108l.fasta (597,803 bp)
  alignments: /tmp/tmplmv8fntd/utg000108l.paf (13 alignments)
  output:     /tmp/tmplmv8fntd/utg000108l_polished.fasta (0 bp)

Removing empty segment: utg000108l

Running Racon on utg000109l:
  reads:      /tmp/tmplmv8fntd/utg000109l_reads.fasta (55 reads)
  input:      /tmp/tmplmv8fntd/utg000109l.fasta (315,467 bp)
  alignments: /tmp/tmplmv8fntd/utg000109l.paf (8 alignments)
  output:     /tmp/tmplmv8fntd/utg000109l_polished.fasta (0 bp)

Removing empty segment: utg000109l

Running Racon on utg000110l:
  reads:      /tmp/tmplmv8fntd/utg000110l_reads.fasta (25 reads)
  input:      /tmp/tmplmv8fntd/utg000110l.fasta (216,347 bp)
  alignments: /tmp/tmplmv8fntd/utg000110l.paf (4 alignments)
  output:     /tmp/tmplmv8fntd/utg000110l_polished.fasta (0 bp)

Removing empty segment: utg000110l

Running Racon on utg000111l:
  reads:      /tmp/tmplmv8fntd/utg000111l_reads.fasta (6 reads)
  input:      /tmp/tmplmv8fntd/utg000111l.fasta (94,726 bp)
  alignments: /tmp/tmplmv8fntd/utg000111l.paf (1 alignments)
  output:     /tmp/tmplmv8fntd/utg000111l_polished.fasta (0 bp)

Removing empty segment: utg000111l

Skipping Racon for utg000112c (not enough reads)
Removing empty segment: utg000112c

Running Racon on utg000113l:
  reads:      /tmp/tmplmv8fntd/utg000113l_reads.fasta (15 reads)
  input:      /tmp/tmplmv8fntd/utg000113l.fasta (146,609 bp)
  alignments: /tmp/tmplmv8fntd/utg000113l.paf (4 alignments)
  output:     /tmp/tmplmv8fntd/utg000113l_polished.fasta (146,609 bp)

Running Racon on utg000114l:
  reads:      /tmp/tmplmv8fntd/utg000114l_reads.fasta (4 reads)
  input:      /tmp/tmplmv8fntd/utg000114l.fasta (42,234 bp)
  alignments: /tmp/tmplmv8fntd/utg000114l.paf (1 alignments)
  output:     /tmp/tmplmv8fntd/utg000114l_polished.fasta (0 bp)

Removing empty segment: utg000114l

Running Racon on utg000115l:
  reads:      /tmp/tmplmv8fntd/utg000115l_reads.fasta (16 reads)
  input:      /tmp/tmplmv8fntd/utg000115l.fasta (120,532 bp)
  alignments: /tmp/tmplmv8fntd/utg000115l.paf (2 alignments)
  output:     /tmp/tmplmv8fntd/utg000115l_polished.fasta (0 bp)

Removing empty segment: utg000115l

Running Racon on utg000116l:
  reads:      /tmp/tmplmv8fntd/utg000116l_reads.fasta (10 reads)
  input:      /tmp/tmplmv8fntd/utg000116l.fasta (86,446 bp)
  alignments: /tmp/tmplmv8fntd/utg000116l.paf (1 alignments)
  output:     /tmp/tmplmv8fntd/utg000116l_polished.fasta (0 bp)

Removing empty segment: utg000116l

Running Racon on utg000117l:
  reads:      /tmp/tmplmv8fntd/utg000117l_reads.fasta (83 reads)
  input:      /tmp/tmplmv8fntd/utg000117l.fasta (566,921 bp)
  alignments: /tmp/tmplmv8fntd/utg000117l.paf (7 alignments)
  output:     /tmp/tmplmv8fntd/utg000117l_polished.fasta (0 bp)

Removing empty segment: utg000117l

Running Racon on utg000118l:
  reads:      /tmp/tmplmv8fntd/utg000118l_reads.fasta (19 reads)
  input:      /tmp/tmplmv8fntd/utg000118l.fasta (150,552 bp)
  alignments: /tmp/tmplmv8fntd/utg000118l.paf (2 alignments)
  output:     /tmp/tmplmv8fntd/utg000118l_polished.fasta (0 bp)

Removing empty segment: utg000118l

Running Racon on utg000119l:
  reads:      /tmp/tmplmv8fntd/utg000119l_reads.fasta (18 reads)
  input:      /tmp/tmplmv8fntd/utg000119l.fasta (141,202 bp)
  alignments: /tmp/tmplmv8fntd/utg000119l.paf (5 alignments)
  output:     /tmp/tmplmv8fntd/utg000119l_polished.fasta (0 bp)

Removing empty segment: utg000119l

Running Racon on utg000120l:
  reads:      /tmp/tmplmv8fntd/utg000120l_reads.fasta (9 reads)
  input:      /tmp/tmplmv8fntd/utg000120l.fasta (55,467 bp)
  alignments: /tmp/tmplmv8fntd/utg000120l.paf (1 alignments)
  output:     /tmp/tmplmv8fntd/utg000120l_polished.fasta (0 bp)

Removing empty segment: utg000120l

Running Racon on utg000121l:
  reads:      /tmp/tmplmv8fntd/utg000121l_reads.fasta (142 reads)
  input:      /tmp/tmplmv8fntd/utg000121l.fasta (1,116,348 bp)
  alignments: /tmp/tmplmv8fntd/utg000121l.paf (29 alignments)
  output:     /tmp/tmplmv8fntd/utg000121l_polished.fasta (0 bp)

Removing empty segment: utg000121l

Running Racon on utg000122l:
  reads:      /tmp/tmplmv8fntd/utg000122l_reads.fasta (14 reads)
  input:      /tmp/tmplmv8fntd/utg000122l.fasta (145,159 bp)
  alignments: /tmp/tmplmv8fntd/utg000122l.paf (4 alignments)
  output:     /tmp/tmplmv8fntd/utg000122l_polished.fasta (0 bp)

Removing empty segment: utg000122l

Running Racon on utg000123l:
  reads:      /tmp/tmplmv8fntd/utg000123l_reads.fasta (53 reads)
  input:      /tmp/tmplmv8fntd/utg000123l.fasta (475,328 bp)
  alignments: /tmp/tmplmv8fntd/utg000123l.paf (10 alignments)
  output:     /tmp/tmplmv8fntd/utg000123l_polished.fasta (0 bp)

Removing empty segment: utg000123l

Skipping Racon for utg000124l (not enough reads)
Removing empty segment: utg000124l

Running Racon on utg000125l:
  reads:      /tmp/tmplmv8fntd/utg000125l_reads.fasta (14 reads)
  input:      /tmp/tmplmv8fntd/utg000125l.fasta (119,932 bp)
  alignments: /tmp/tmplmv8fntd/utg000125l.paf (2 alignments)
  output:     /tmp/tmplmv8fntd/utg000125l_polished.fasta (0 bp)

Removing empty segment: utg000125l

Running Racon on utg000126l:
  reads:      /tmp/tmplmv8fntd/utg000126l_reads.fasta (5 reads)
  input:      /tmp/tmplmv8fntd/utg000126l.fasta (59,635 bp)
  alignments: /tmp/tmplmv8fntd/utg000126l.paf (1 alignments)
  output:     /tmp/tmplmv8fntd/utg000126l_polished.fasta (0 bp)

Removing empty segment: utg000126l

Running Racon on utg000127l:
  reads:      /tmp/tmplmv8fntd/utg000127l_reads.fasta (16 reads)
  input:      /tmp/tmplmv8fntd/utg000127l.fasta (109,945 bp)
  alignments: /tmp/tmplmv8fntd/utg000127l.paf (3 alignments)
  output:     /tmp/tmplmv8fntd/utg000127l_polished.fasta (0 bp)

Removing empty segment: utg000127l

Running Racon on utg000128l:
  reads:      /tmp/tmplmv8fntd/utg000128l_reads.fasta (11 reads)
  input:      /tmp/tmplmv8fntd/utg000128l.fasta (92,167 bp)
  alignments: /tmp/tmplmv8fntd/utg000128l.paf (1 alignments)
  output:     /tmp/tmplmv8fntd/utg000128l_polished.fasta (0 bp)

Removing empty segment: utg000128l

Running Racon on utg000129l:
  reads:      /tmp/tmplmv8fntd/utg000129l_reads.fasta (7 reads)
  input:      /tmp/tmplmv8fntd/utg000129l.fasta (54,552 bp)
  alignments: /tmp/tmplmv8fntd/utg000129l.paf (1 alignments)
  output:     /tmp/tmplmv8fntd/utg000129l_polished.fasta (0 bp)

Removing empty segment: utg000129l

Running Racon on utg000130c:
  reads:      /tmp/tmplmv8fntd/utg000130c_reads.fasta (3 reads)
  input:      /tmp/tmplmv8fntd/utg000130c.fasta (14,635 bp)
  alignments: /tmp/tmplmv8fntd/utg000130c.paf (1 alignments)
  output:     /tmp/tmplmv8fntd/utg000130c_polished.fasta (0 bp)

Removing empty segment: utg000130c

Running Racon on utg000131l:
  reads:      /tmp/tmplmv8fntd/utg000131l_reads.fasta (5 reads)
  input:      /tmp/tmplmv8fntd/utg000131l.fasta (49,209 bp)
  alignments: /tmp/tmplmv8fntd/utg000131l.paf (0 alignments)
  output:     /tmp/tmplmv8fntd/utg000131l_polished.fasta (0 bp)

Removing empty segment: utg000131l

Running Racon on utg000132l:
  reads:      /tmp/tmplmv8fntd/utg000132l_reads.fasta (41 reads)
  input:      /tmp/tmplmv8fntd/utg000132l.fasta (335,549 bp)
  alignments: /tmp/tmplmv8fntd/utg000132l.paf (12 alignments)
  output:     /tmp/tmplmv8fntd/utg000132l_polished.fasta (0 bp)

Removing empty segment: utg000132l

Running Racon on utg000133l:
  reads:      /tmp/tmplmv8fntd/utg000133l_reads.fasta (65 reads)
  input:      /tmp/tmplmv8fntd/utg000133l.fasta (517,546 bp)
  alignments: /tmp/tmplmv8fntd/utg000133l.paf (14 alignments)
  output:     /tmp/tmplmv8fntd/utg000133l_polished.fasta (0 bp)

Removing empty segment: utg000133l

Running Racon on utg000134l:
  reads:      /tmp/tmplmv8fntd/utg000134l_reads.fasta (32 reads)
  input:      /tmp/tmplmv8fntd/utg000134l.fasta (293,121 bp)
  alignments: /tmp/tmplmv8fntd/utg000134l.paf (8 alignments)
  output:     /tmp/tmplmv8fntd/utg000134l_polished.fasta (0 bp)

Removing empty segment: utg000134l

Running Racon on utg000135c:
  reads:      /tmp/tmplmv8fntd/utg000135c_reads.fasta (2 reads)
  input:      /tmp/tmplmv8fntd/utg000135c.fasta (28,105 bp)
  alignments: /tmp/tmplmv8fntd/utg000135c.paf (0 alignments)
  output:     /tmp/tmplmv8fntd/utg000135c_polished.fasta (0 bp)

Removing empty segment: utg000135c

Running Racon on utg000136l:
  reads:      /tmp/tmplmv8fntd/utg000136l_reads.fasta (14 reads)
  input:      /tmp/tmplmv8fntd/utg000136l.fasta (142,562 bp)
  alignments: /tmp/tmplmv8fntd/utg000136l.paf (2 alignments)
  output:     /tmp/tmplmv8fntd/utg000136l_polished.fasta (0 bp)

Removing empty segment: utg000136l

Running Racon on utg000137l:
  reads:      /tmp/tmplmv8fntd/utg000137l_reads.fasta (14 reads)
  input:      /tmp/tmplmv8fntd/utg000137l.fasta (93,527 bp)
  alignments: /tmp/tmplmv8fntd/utg000137l.paf (1 alignments)
  output:     /tmp/tmplmv8fntd/utg000137l_polished.fasta (0 bp)

Removing empty segment: utg000137l

Running Racon on utg000138l:
  reads:      /tmp/tmplmv8fntd/utg000138l_reads.fasta (63 reads)
  input:      /tmp/tmplmv8fntd/utg000138l.fasta (405,191 bp)
  alignments: /tmp/tmplmv8fntd/utg000138l.paf (14 alignments)
  output:     /tmp/tmplmv8fntd/utg000138l_polished.fasta (0 bp)

Removing empty segment: utg000138l

Running Racon on utg000139l:
  reads:      /tmp/tmplmv8fntd/utg000139l_reads.fasta (14 reads)
  input:      /tmp/tmplmv8fntd/utg000139l.fasta (120,966 bp)
  alignments: /tmp/tmplmv8fntd/utg000139l.paf (1 alignments)
  output:     /tmp/tmplmv8fntd/utg000139l_polished.fasta (0 bp)

Removing empty segment: utg000139l

Skipping Racon for utg000140c (not enough reads)
Removing empty segment: utg000140c

Running Racon on utg000141l:
  reads:      /tmp/tmplmv8fntd/utg000141l_reads.fasta (51 reads)
  input:      /tmp/tmplmv8fntd/utg000141l.fasta (390,175 bp)
  alignments: /tmp/tmplmv8fntd/utg000141l.paf (10 alignments)
  output:     /tmp/tmplmv8fntd/utg000141l_polished.fasta (0 bp)

Removing empty segment: utg000141l

Running Racon on utg000142l:
  reads:      /tmp/tmplmv8fntd/utg000142l_reads.fasta (76 reads)
  input:      /tmp/tmplmv8fntd/utg000142l.fasta (530,083 bp)
  alignments: /tmp/tmplmv8fntd/utg000142l.paf (19 alignments)
  output:     /tmp/tmplmv8fntd/utg000142l_polished.fasta (0 bp)

Removing empty segment: utg000142l

Running Racon on utg000143l:
  reads:      /tmp/tmplmv8fntd/utg000143l_reads.fasta (28 reads)
  input:      /tmp/tmplmv8fntd/utg000143l.fasta (177,401 bp)
  alignments: /tmp/tmplmv8fntd/utg000143l.paf (4 alignments)
  output:     /tmp/tmplmv8fntd/utg000143l_polished.fasta (0 bp)

Removing empty segment: utg000143l

Running Racon on utg000144l:
  reads:      /tmp/tmplmv8fntd/utg000144l_reads.fasta (13 reads)
  input:      /tmp/tmplmv8fntd/utg000144l.fasta (79,420 bp)
  alignments: /tmp/tmplmv8fntd/utg000144l.paf (5 alignments)
  output:     /tmp/tmplmv8fntd/utg000144l_polished.fasta (0 bp)

Removing empty segment: utg000144l

Running Racon on utg000145l:
  reads:      /tmp/tmplmv8fntd/utg000145l_reads.fasta (7 reads)
  input:      /tmp/tmplmv8fntd/utg000145l.fasta (84,095 bp)
  alignments: /tmp/tmplmv8fntd/utg000145l.paf (1 alignments)
  output:     /tmp/tmplmv8fntd/utg000145l_polished.fasta (0 bp)

Removing empty segment: utg000145l

Running Racon on utg000146l:
  reads:      /tmp/tmplmv8fntd/utg000146l_reads.fasta (6 reads)
  input:      /tmp/tmplmv8fntd/utg000146l.fasta (86,878 bp)
  alignments: /tmp/tmplmv8fntd/utg000146l.paf (2 alignments)
  output:     /tmp/tmplmv8fntd/utg000146l_polished.fasta (0 bp)

Removing empty segment: utg000146l

Running Racon on utg000147l:
  reads:      /tmp/tmplmv8fntd/utg000147l_reads.fasta (2 reads)
  input:      /tmp/tmplmv8fntd/utg000147l.fasta (39,146 bp)
  alignments: /tmp/tmplmv8fntd/utg000147l.paf (0 alignments)
  output:     /tmp/tmplmv8fntd/utg000147l_polished.fasta (0 bp)

Removing empty segment: utg000147l

Running Racon on utg000148l:
  reads:      /tmp/tmplmv8fntd/utg000148l_reads.fasta (73 reads)
  input:      /tmp/tmplmv8fntd/utg000148l.fasta (504,753 bp)
  alignments: /tmp/tmplmv8fntd/utg000148l.paf (11 alignments)
  output:     /tmp/tmplmv8fntd/utg000148l_polished.fasta (0 bp)

Removing empty segment: utg000148l

Running Racon on utg000149c:
  reads:      /tmp/tmplmv8fntd/utg000149c_reads.fasta (2 reads)
  input:      /tmp/tmplmv8fntd/utg000149c.fasta (7,198 bp)
  alignments: /tmp/tmplmv8fntd/utg000149c.paf (0 alignments)
  output:     /tmp/tmplmv8fntd/utg000149c_polished.fasta (0 bp)

Removing empty segment: utg000149c

Running Racon on utg000150l:
  reads:      /tmp/tmplmv8fntd/utg000150l_reads.fasta (11 reads)
  input:      /tmp/tmplmv8fntd/utg000150l.fasta (71,601 bp)
  alignments: /tmp/tmplmv8fntd/utg000150l.paf (2 alignments)
  output:     /tmp/tmplmv8fntd/utg000150l_polished.fasta (0 bp)

Removing empty segment: utg000150l

Running Racon on utg000151l:
  reads:      /tmp/tmplmv8fntd/utg000151l_reads.fasta (3 reads)
  input:      /tmp/tmplmv8fntd/utg000151l.fasta (36,103 bp)
  alignments: /tmp/tmplmv8fntd/utg000151l.paf (0 alignments)
  output:     /tmp/tmplmv8fntd/utg000151l_polished.fasta (0 bp)

Removing empty segment: utg000151l

Running Racon on utg000152l:
  reads:      /tmp/tmplmv8fntd/utg000152l_reads.fasta (9 reads)
  input:      /tmp/tmplmv8fntd/utg000152l.fasta (74,590 bp)
  alignments: /tmp/tmplmv8fntd/utg000152l.paf (1 alignments)
  output:     /tmp/tmplmv8fntd/utg000152l_polished.fasta (0 bp)

Removing empty segment: utg000152l

Running Racon on utg000153l:
  reads:      /tmp/tmplmv8fntd/utg000153l_reads.fasta (19 reads)
  input:      /tmp/tmplmv8fntd/utg000153l.fasta (165,521 bp)
  alignments: /tmp/tmplmv8fntd/utg000153l.paf (3 alignments)
  output:     /tmp/tmplmv8fntd/utg000153l_polished.fasta (0 bp)

Removing empty segment: utg000153l

Running Racon on utg000154l:
  reads:      /tmp/tmplmv8fntd/utg000154l_reads.fasta (25 reads)
  input:      /tmp/tmplmv8fntd/utg000154l.fasta (138,168 bp)
  alignments: /tmp/tmplmv8fntd/utg000154l.paf (6 alignments)
  output:     /tmp/tmplmv8fntd/utg000154l_polished.fasta (0 bp)

Removing empty segment: utg000154l

Running Racon on utg000155l:
  reads:      /tmp/tmplmv8fntd/utg000155l_reads.fasta (8 reads)
  input:      /tmp/tmplmv8fntd/utg000155l.fasta (64,330 bp)
  alignments: /tmp/tmplmv8fntd/utg000155l.paf (0 alignments)
  output:     /tmp/tmplmv8fntd/utg000155l_polished.fasta (0 bp)

Removing empty segment: utg000155l

Running Racon on utg000156l:
  reads:      /tmp/tmplmv8fntd/utg000156l_reads.fasta (64 reads)
  input:      /tmp/tmplmv8fntd/utg000156l.fasta (441,241 bp)
  alignments: /tmp/tmplmv8fntd/utg000156l.paf (10 alignments)
  output:     /tmp/tmplmv8fntd/utg000156l_polished.fasta (0 bp)

Removing empty segment: utg000156l

Running Racon on utg000157l:
  reads:      /tmp/tmplmv8fntd/utg000157l_reads.fasta (109 reads)
  input:      /tmp/tmplmv8fntd/utg000157l.fasta (785,563 bp)
  alignments: /tmp/tmplmv8fntd/utg000157l.paf (25 alignments)
  output:     /tmp/tmplmv8fntd/utg000157l_polished.fasta (0 bp)

Removing empty segment: utg000157l

Running Racon on utg000158l:
  reads:      /tmp/tmplmv8fntd/utg000158l_reads.fasta (5 reads)
  input:      /tmp/tmplmv8fntd/utg000158l.fasta (27,512 bp)
  alignments: /tmp/tmplmv8fntd/utg000158l.paf (1 alignments)
  output:     /tmp/tmplmv8fntd/utg000158l_polished.fasta (0 bp)

Removing empty segment: utg000158l

Running Racon on utg000159l:
  reads:      /tmp/tmplmv8fntd/utg000159l_reads.fasta (18 reads)
  input:      /tmp/tmplmv8fntd/utg000159l.fasta (213,036 bp)
  alignments: /tmp/tmplmv8fntd/utg000159l.paf (5 alignments)
  output:     /tmp/tmplmv8fntd/utg000159l_polished.fasta (0 bp)

Removing empty segment: utg000159l

Running Racon on utg000160l:
  reads:      /tmp/tmplmv8fntd/utg000160l_reads.fasta (21 reads)
  input:      /tmp/tmplmv8fntd/utg000160l.fasta (86,526 bp)
  alignments: /tmp/tmplmv8fntd/utg000160l.paf (4 alignments)
  output:     /tmp/tmplmv8fntd/utg000160l_polished.fasta (0 bp)

Removing empty segment: utg000160l

Running Racon on utg000161l:
  reads:      /tmp/tmplmv8fntd/utg000161l_reads.fasta (28 reads)
  input:      /tmp/tmplmv8fntd/utg000161l.fasta (206,053 bp)
  alignments: /tmp/tmplmv8fntd/utg000161l.paf (1 alignments)
  output:     /tmp/tmplmv8fntd/utg000161l_polished.fasta (0 bp)

Removing empty segment: utg000161l

Running Racon on utg000162l:
  reads:      /tmp/tmplmv8fntd/utg000162l_reads.fasta (4 reads)
  input:      /tmp/tmplmv8fntd/utg000162l.fasta (23,143 bp)
  alignments: /tmp/tmplmv8fntd/utg000162l.paf (0 alignments)
  output:     /tmp/tmplmv8fntd/utg000162l_polished.fasta (0 bp)

Removing empty segment: utg000162l

Running Racon on utg000163l:
  reads:      /tmp/tmplmv8fntd/utg000163l_reads.fasta (123 reads)
  input:      /tmp/tmplmv8fntd/utg000163l.fasta (873,350 bp)
  alignments: /tmp/tmplmv8fntd/utg000163l.paf (19 alignments)
  output:     /tmp/tmplmv8fntd/utg000163l_polished.fasta (873,351 bp)

Running Racon on utg000164l:
  reads:      /tmp/tmplmv8fntd/utg000164l_reads.fasta (36 reads)
  input:      /tmp/tmplmv8fntd/utg000164l.fasta (247,708 bp)
  alignments: /tmp/tmplmv8fntd/utg000164l.paf (5 alignments)
  output:     /tmp/tmplmv8fntd/utg000164l_polished.fasta (0 bp)

Removing empty segment: utg000164l

Running Racon on utg000165l:
  reads:      /tmp/tmplmv8fntd/utg000165l_reads.fasta (48 reads)
  input:      /tmp/tmplmv8fntd/utg000165l.fasta (347,835 bp)
  alignments: /tmp/tmplmv8fntd/utg000165l.paf (6 alignments)
  output:     /tmp/tmplmv8fntd/utg000165l_polished.fasta (0 bp)

Removing empty segment: utg000165l

Running Racon on utg000166l:
  reads:      /tmp/tmplmv8fntd/utg000166l_reads.fasta (43 reads)
  input:      /tmp/tmplmv8fntd/utg000166l.fasta (276,042 bp)
  alignments: /tmp/tmplmv8fntd/utg000166l.paf (7 alignments)
  output:     /tmp/tmplmv8fntd/utg000166l_polished.fasta (0 bp)

Removing empty segment: utg000166l

Running Racon on utg000167l:
  reads:      /tmp/tmplmv8fntd/utg000167l_reads.fasta (24 reads)
  input:      /tmp/tmplmv8fntd/utg000167l.fasta (113,223 bp)
  alignments: /tmp/tmplmv8fntd/utg000167l.paf (1 alignments)
  output:     /tmp/tmplmv8fntd/utg000167l_polished.fasta (0 bp)

Removing empty segment: utg000167l

Running Racon on utg000168l:
  reads:      /tmp/tmplmv8fntd/utg000168l_reads.fasta (85 reads)
  input:      /tmp/tmplmv8fntd/utg000168l.fasta (598,382 bp)
  alignments: /tmp/tmplmv8fntd/utg000168l.paf (17 alignments)
  output:     /tmp/tmplmv8fntd/utg000168l_polished.fasta (0 bp)

Removing empty segment: utg000168l

Running Racon on utg000169l:
  reads:      /tmp/tmplmv8fntd/utg000169l_reads.fasta (54 reads)
  input:      /tmp/tmplmv8fntd/utg000169l.fasta (441,818 bp)
  alignments: /tmp/tmplmv8fntd/utg000169l.paf (9 alignments)
  output:     /tmp/tmplmv8fntd/utg000169l_polished.fasta (0 bp)

Removing empty segment: utg000169l

Running Racon on utg000170l:
  reads:      /tmp/tmplmv8fntd/utg000170l_reads.fasta (4 reads)
  input:      /tmp/tmplmv8fntd/utg000170l.fasta (44,733 bp)
  alignments: /tmp/tmplmv8fntd/utg000170l.paf (0 alignments)
  output:     /tmp/tmplmv8fntd/utg000170l_polished.fasta (0 bp)

Removing empty segment: utg000170l

Running Racon on utg000171l:
  reads:      /tmp/tmplmv8fntd/utg000171l_reads.fasta (6 reads)
  input:      /tmp/tmplmv8fntd/utg000171l.fasta (52,622 bp)
  alignments: /tmp/tmplmv8fntd/utg000171l.paf (1 alignments)
  output:     /tmp/tmplmv8fntd/utg000171l_polished.fasta (0 bp)

Removing empty segment: utg000171l

Running Racon on utg000172l:
  reads:      /tmp/tmplmv8fntd/utg000172l_reads.fasta (2 reads)
  input:      /tmp/tmplmv8fntd/utg000172l.fasta (48,260 bp)
  alignments: /tmp/tmplmv8fntd/utg000172l.paf (0 alignments)
  output:     /tmp/tmplmv8fntd/utg000172l_polished.fasta (0 bp)

Removing empty segment: utg000172l

Running Racon on utg000173l:
  reads:      /tmp/tmplmv8fntd/utg000173l_reads.fasta (7 reads)
  input:      /tmp/tmplmv8fntd/utg000173l.fasta (55,586 bp)
  alignments: /tmp/tmplmv8fntd/utg000173l.paf (1 alignments)
  output:     /tmp/tmplmv8fntd/utg000173l_polished.fasta (0 bp)

Removing empty segment: utg000173l

Running Racon on utg000174l:
  reads:      /tmp/tmplmv8fntd/utg000174l_reads.fasta (3 reads)
  input:      /tmp/tmplmv8fntd/utg000174l.fasta (53,651 bp)
  alignments: /tmp/tmplmv8fntd/utg000174l.paf (0 alignments)
  output:     /tmp/tmplmv8fntd/utg000174l_polished.fasta (0 bp)

Removing empty segment: utg000174l

Running Racon on utg000175l:
  reads:      /tmp/tmplmv8fntd/utg000175l_reads.fasta (5 reads)
  input:      /tmp/tmplmv8fntd/utg000175l.fasta (53,463 bp)
  alignments: /tmp/tmplmv8fntd/utg000175l.paf (0 alignments)
  output:     /tmp/tmplmv8fntd/utg000175l_polished.fasta (0 bp)

Removing empty segment: utg000175l

Running Racon on utg000176l:
  reads:      /tmp/tmplmv8fntd/utg000176l_reads.fasta (3 reads)
  input:      /tmp/tmplmv8fntd/utg000176l.fasta (29,226 bp)
  alignments: /tmp/tmplmv8fntd/utg000176l.paf (1 alignments)
  output:     /tmp/tmplmv8fntd/utg000176l_polished.fasta (0 bp)

Removing empty segment: utg000176l

Running Racon on utg000177c:
  reads:      /tmp/tmplmv8fntd/utg000177c_reads.fasta (2 reads)
  input:      /tmp/tmplmv8fntd/utg000177c.fasta (8,204 bp)
  alignments: /tmp/tmplmv8fntd/utg000177c.paf (5 alignments)
  output:     /tmp/tmplmv8fntd/utg000177c_polished.fasta (0 bp)

Removing empty segment: utg000177c

Running Racon on utg000178l:
  reads:      /tmp/tmplmv8fntd/utg000178l_reads.fasta (7 reads)
  input:      /tmp/tmplmv8fntd/utg000178l.fasta (67,412 bp)
  alignments: /tmp/tmplmv8fntd/utg000178l.paf (0 alignments)
  output:     /tmp/tmplmv8fntd/utg000178l_polished.fasta (0 bp)

Removing empty segment: utg000178l

Running Racon on utg000179l:
  reads:      /tmp/tmplmv8fntd/utg000179l_reads.fasta (12 reads)
  input:      /tmp/tmplmv8fntd/utg000179l.fasta (86,252 bp)
  alignments: /tmp/tmplmv8fntd/utg000179l.paf (3 alignments)
  output:     /tmp/tmplmv8fntd/utg000179l_polished.fasta (0 bp)

Removing empty segment: utg000179l

Running Racon on utg000180l:
  reads:      /tmp/tmplmv8fntd/utg000180l_reads.fasta (55 reads)
  input:      /tmp/tmplmv8fntd/utg000180l.fasta (390,696 bp)
  alignments: /tmp/tmplmv8fntd/utg000180l.paf (12 alignments)
  output:     /tmp/tmplmv8fntd/utg000180l_polished.fasta (0 bp)

Removing empty segment: utg000180l

Running Racon on utg000181l:
  reads:      /tmp/tmplmv8fntd/utg000181l_reads.fasta (7 reads)
  input:      /tmp/tmplmv8fntd/utg000181l.fasta (77,019 bp)
  alignments: /tmp/tmplmv8fntd/utg000181l.paf (2 alignments)
  output:     /tmp/tmplmv8fntd/utg000181l_polished.fasta (0 bp)

Removing empty segment: utg000181l

Running Racon on utg000182l:
  reads:      /tmp/tmplmv8fntd/utg000182l_reads.fasta (30 reads)
  input:      /tmp/tmplmv8fntd/utg000182l.fasta (228,977 bp)
  alignments: /tmp/tmplmv8fntd/utg000182l.paf (7 alignments)
  output:     /tmp/tmplmv8fntd/utg000182l_polished.fasta (228,975 bp)

Running Racon on utg000183l:
  reads:      /tmp/tmplmv8fntd/utg000183l_reads.fasta (5 reads)
  input:      /tmp/tmplmv8fntd/utg000183l.fasta (70,547 bp)
  alignments: /tmp/tmplmv8fntd/utg000183l.paf (1 alignments)
  output:     /tmp/tmplmv8fntd/utg000183l_polished.fasta (0 bp)

Removing empty segment: utg000183l

Running Racon on utg000184c:
  reads:      /tmp/tmplmv8fntd/utg000184c_reads.fasta (2 reads)
  input:      /tmp/tmplmv8fntd/utg000184c.fasta (3,346 bp)
  alignments: /tmp/tmplmv8fntd/utg000184c.paf (1 alignments)
  output:     /tmp/tmplmv8fntd/utg000184c_polished.fasta (0 bp)

Removing empty segment: utg000184c

Running Racon on utg000185c:
  reads:      /tmp/tmplmv8fntd/utg000185c_reads.fasta (4 reads)
  input:      /tmp/tmplmv8fntd/utg000185c.fasta (23,911 bp)
  alignments: /tmp/tmplmv8fntd/utg000185c.paf (0 alignments)
  output:     /tmp/tmplmv8fntd/utg000185c_polished.fasta (0 bp)

Removing empty segment: utg000185c

Running Racon on utg000186l:
  reads:      /tmp/tmplmv8fntd/utg000186l_reads.fasta (3 reads)
  input:      /tmp/tmplmv8fntd/utg000186l.fasta (33,200 bp)
  alignments: /tmp/tmplmv8fntd/utg000186l.paf (2 alignments)
  output:     /tmp/tmplmv8fntd/utg000186l_polished.fasta (0 bp)

Removing empty segment: utg000186l

Running Racon on utg000187l:
  reads:      /tmp/tmplmv8fntd/utg000187l_reads.fasta (5 reads)
  input:      /tmp/tmplmv8fntd/utg000187l.fasta (39,000 bp)
  alignments: /tmp/tmplmv8fntd/utg000187l.paf (2 alignments)
  output:     /tmp/tmplmv8fntd/utg000187l_polished.fasta (0 bp)

Removing empty segment: utg000187l

Running Racon on utg000188l:
  reads:      /tmp/tmplmv8fntd/utg000188l_reads.fasta (42 reads)
  input:      /tmp/tmplmv8fntd/utg000188l.fasta (341,545 bp)
  alignments: /tmp/tmplmv8fntd/utg000188l.paf (6 alignments)
  output:     /tmp/tmplmv8fntd/utg000188l_polished.fasta (0 bp)

Removing empty segment: utg000188l

Running Racon on utg000189l:
  reads:      /tmp/tmplmv8fntd/utg000189l_reads.fasta (43 reads)
  input:      /tmp/tmplmv8fntd/utg000189l.fasta (321,118 bp)
  alignments: /tmp/tmplmv8fntd/utg000189l.paf (9 alignments)
  output:     /tmp/tmplmv8fntd/utg000189l_polished.fasta (0 bp)

Removing empty segment: utg000189l

Running Racon on utg000190l:
  reads:      /tmp/tmplmv8fntd/utg000190l_reads.fasta (37 reads)
  input:      /tmp/tmplmv8fntd/utg000190l.fasta (300,934 bp)
  alignments: /tmp/tmplmv8fntd/utg000190l.paf (11 alignments)
  output:     /tmp/tmplmv8fntd/utg000190l_polished.fasta (0 bp)

Removing empty segment: utg000190l

Running Racon on utg000191l:
  reads:      /tmp/tmplmv8fntd/utg000191l_reads.fasta (67 reads)
  input:      /tmp/tmplmv8fntd/utg000191l.fasta (398,734 bp)
  alignments: /tmp/tmplmv8fntd/utg000191l.paf (16 alignments)
  output:     /tmp/tmplmv8fntd/utg000191l_polished.fasta (398,737 bp)

Running Racon on utg000192l:
  reads:      /tmp/tmplmv8fntd/utg000192l_reads.fasta (37 reads)
  input:      /tmp/tmplmv8fntd/utg000192l.fasta (302,144 bp)
  alignments: /tmp/tmplmv8fntd/utg000192l.paf (4 alignments)
  output:     /tmp/tmplmv8fntd/utg000192l_polished.fasta (0 bp)

Removing empty segment: utg000192l

Running Racon on utg000193l:
  reads:      /tmp/tmplmv8fntd/utg000193l_reads.fasta (2 reads)
  input:      /tmp/tmplmv8fntd/utg000193l.fasta (47,153 bp)
  alignments: /tmp/tmplmv8fntd/utg000193l.paf (0 alignments)
  output:     /tmp/tmplmv8fntd/utg000193l_polished.fasta (0 bp)

Removing empty segment: utg000193l

Running Racon on utg000194l:
  reads:      /tmp/tmplmv8fntd/utg000194l_reads.fasta (3 reads)
  input:      /tmp/tmplmv8fntd/utg000194l.fasta (32,717 bp)
  alignments: /tmp/tmplmv8fntd/utg000194l.paf (10 alignments)
  output:     /tmp/tmplmv8fntd/utg000194l_polished.fasta (0 bp)

Removing empty segment: utg000194l

Running Racon on utg000195c:
  reads:      /tmp/tmplmv8fntd/utg000195c_reads.fasta (3 reads)
  input:      /tmp/tmplmv8fntd/utg000195c.fasta (18,664 bp)
  alignments: /tmp/tmplmv8fntd/utg000195c.paf (1 alignments)
  output:     /tmp/tmplmv8fntd/utg000195c_polished.fasta (0 bp)

Removing empty segment: utg000195c

Running Racon on utg000196l:
  reads:      /tmp/tmplmv8fntd/utg000196l_reads.fasta (9 reads)
  input:      /tmp/tmplmv8fntd/utg000196l.fasta (99,828 bp)
  alignments: /tmp/tmplmv8fntd/utg000196l.paf (1 alignments)
  output:     /tmp/tmplmv8fntd/utg000196l_polished.fasta (0 bp)

Removing empty segment: utg000196l

Running Racon on utg000197l:
  reads:      /tmp/tmplmv8fntd/utg000197l_reads.fasta (25 reads)
  input:      /tmp/tmplmv8fntd/utg000197l.fasta (227,393 bp)
  alignments: /tmp/tmplmv8fntd/utg000197l.paf (6 alignments)
  output:     /tmp/tmplmv8fntd/utg000197l_polished.fasta (0 bp)

Removing empty segment: utg000197l

Skipping Racon for utg000198l (not enough reads)
Removing empty segment: utg000198l

Running Racon on utg000199l:
  reads:      /tmp/tmplmv8fntd/utg000199l_reads.fasta (3 reads)
  input:      /tmp/tmplmv8fntd/utg000199l.fasta (51,908 bp)
  alignments: /tmp/tmplmv8fntd/utg000199l.paf (0 alignments)
  output:     /tmp/tmplmv8fntd/utg000199l_polished.fasta (0 bp)

Removing empty segment: utg000199l

Running Racon on utg000200c:
  reads:      /tmp/tmplmv8fntd/utg000200c_reads.fasta (2 reads)
  input:      /tmp/tmplmv8fntd/utg000200c.fasta (12,019 bp)
  alignments: /tmp/tmplmv8fntd/utg000200c.paf (3 alignments)
  output:     /tmp/tmplmv8fntd/utg000200c_polished.fasta (0 bp)

Removing empty segment: utg000200c

Running Racon on utg000201l:
  reads:      /tmp/tmplmv8fntd/utg000201l_reads.fasta (34 reads)
  input:      /tmp/tmplmv8fntd/utg000201l.fasta (320,110 bp)
  alignments: /tmp/tmplmv8fntd/utg000201l.paf (4 alignments)
  output:     /tmp/tmplmv8fntd/utg000201l_polished.fasta (0 bp)

Removing empty segment: utg000201l

Running Racon on utg000202c:
  reads:      /tmp/tmplmv8fntd/utg000202c_reads.fasta (2 reads)
  input:      /tmp/tmplmv8fntd/utg000202c.fasta (17,599 bp)
  alignments: /tmp/tmplmv8fntd/utg000202c.paf (1 alignments)
  output:     /tmp/tmplmv8fntd/utg000202c_polished.fasta (0 bp)

Removing empty segment: utg000202c

Running Racon on utg000203l:
  reads:      /tmp/tmplmv8fntd/utg000203l_reads.fasta (4 reads)
  input:      /tmp/tmplmv8fntd/utg000203l.fasta (46,804 bp)
  alignments: /tmp/tmplmv8fntd/utg000203l.paf (3 alignments)
  output:     /tmp/tmplmv8fntd/utg000203l_polished.fasta (0 bp)

Removing empty segment: utg000203l

Running Racon on utg000204l:
  reads:      /tmp/tmplmv8fntd/utg000204l_reads.fasta (2 reads)
  input:      /tmp/tmplmv8fntd/utg000204l.fasta (31,558 bp)
  alignments: /tmp/tmplmv8fntd/utg000204l.paf (0 alignments)
  output:     /tmp/tmplmv8fntd/utg000204l_polished.fasta (0 bp)

Removing empty segment: utg000204l

Running Racon on utg000205l:
  reads:      /tmp/tmplmv8fntd/utg000205l_reads.fasta (38 reads)
  input:      /tmp/tmplmv8fntd/utg000205l.fasta (283,080 bp)
  alignments: /tmp/tmplmv8fntd/utg000205l.paf (1 alignments)
  output:     /tmp/tmplmv8fntd/utg000205l_polished.fasta (0 bp)

Removing empty segment: utg000205l

Running Racon on utg000206l:
  reads:      /tmp/tmplmv8fntd/utg000206l_reads.fasta (42 reads)
  input:      /tmp/tmplmv8fntd/utg000206l.fasta (259,145 bp)
  alignments: /tmp/tmplmv8fntd/utg000206l.paf (4 alignments)
  output:     /tmp/tmplmv8fntd/utg000206l_polished.fasta (0 bp)

Removing empty segment: utg000206l

Running Racon on utg000207l:
  reads:      /tmp/tmplmv8fntd/utg000207l_reads.fasta (12 reads)
  input:      /tmp/tmplmv8fntd/utg000207l.fasta (98,320 bp)
  alignments: /tmp/tmplmv8fntd/utg000207l.paf (6 alignments)
  output:     /tmp/tmplmv8fntd/utg000207l_polished.fasta (0 bp)

Removing empty segment: utg000207l

Running Racon on utg000208l:
  reads:      /tmp/tmplmv8fntd/utg000208l_reads.fasta (8 reads)
  input:      /tmp/tmplmv8fntd/utg000208l.fasta (70,580 bp)
  alignments: /tmp/tmplmv8fntd/utg000208l.paf (4 alignments)
  output:     /tmp/tmplmv8fntd/utg000208l_polished.fasta (0 bp)

Removing empty segment: utg000208l

Running Racon on utg000209l:
  reads:      /tmp/tmplmv8fntd/utg000209l_reads.fasta (14 reads)
  input:      /tmp/tmplmv8fntd/utg000209l.fasta (84,662 bp)
  alignments: /tmp/tmplmv8fntd/utg000209l.paf (3 alignments)
  output:     /tmp/tmplmv8fntd/utg000209l_polished.fasta (0 bp)

Removing empty segment: utg000209l

Running Racon on utg000210l:
  reads:      /tmp/tmplmv8fntd/utg000210l_reads.fasta (15 reads)
  input:      /tmp/tmplmv8fntd/utg000210l.fasta (110,161 bp)
  alignments: /tmp/tmplmv8fntd/utg000210l.paf (3 alignments)
  output:     /tmp/tmplmv8fntd/utg000210l_polished.fasta (0 bp)

Removing empty segment: utg000210l

Running Racon on utg000211l:
  reads:      /tmp/tmplmv8fntd/utg000211l_reads.fasta (9 reads)
  input:      /tmp/tmplmv8fntd/utg000211l.fasta (92,768 bp)
  alignments: /tmp/tmplmv8fntd/utg000211l.paf (3 alignments)
  output:     /tmp/tmplmv8fntd/utg000211l_polished.fasta (0 bp)

Removing empty segment: utg000211l

Running Racon on utg000212c:
  reads:      /tmp/tmplmv8fntd/utg000212c_reads.fasta (3 reads)
  input:      /tmp/tmplmv8fntd/utg000212c.fasta (10,342 bp)
  alignments: /tmp/tmplmv8fntd/utg000212c.paf (1 alignments)
  output:     /tmp/tmplmv8fntd/utg000212c_polished.fasta (0 bp)

Removing empty segment: utg000212c

Skipping Racon for utg000213l (not enough reads)
Removing empty segment: utg000213l

Running Racon on utg000214l:
  reads:      /tmp/tmplmv8fntd/utg000214l_reads.fasta (46 reads)
  input:      /tmp/tmplmv8fntd/utg000214l.fasta (373,258 bp)
  alignments: /tmp/tmplmv8fntd/utg000214l.paf (10 alignments)
  output:     /tmp/tmplmv8fntd/utg000214l_polished.fasta (0 bp)

Removing empty segment: utg000214l

Running Racon on utg000215l:
  reads:      /tmp/tmplmv8fntd/utg000215l_reads.fasta (5 reads)
  input:      /tmp/tmplmv8fntd/utg000215l.fasta (46,845 bp)
  alignments: /tmp/tmplmv8fntd/utg000215l.paf (7 alignments)
  output:     /tmp/tmplmv8fntd/utg000215l_polished.fasta (0 bp)

Removing empty segment: utg000215l

Running Racon on utg000216l:
  reads:      /tmp/tmplmv8fntd/utg000216l_reads.fasta (6 reads)
  input:      /tmp/tmplmv8fntd/utg000216l.fasta (35,406 bp)
  alignments: /tmp/tmplmv8fntd/utg000216l.paf (1 alignments)
  output:     /tmp/tmplmv8fntd/utg000216l_polished.fasta (0 bp)

Removing empty segment: utg000216l

Running Racon on utg000217l:
  reads:      /tmp/tmplmv8fntd/utg000217l_reads.fasta (19 reads)
  input:      /tmp/tmplmv8fntd/utg000217l.fasta (143,452 bp)
  alignments: /tmp/tmplmv8fntd/utg000217l.paf (0 alignments)
  output:     /tmp/tmplmv8fntd/utg000217l_polished.fasta (0 bp)

Removing empty segment: utg000217l

Running Racon on utg000218l:
  reads:      /tmp/tmplmv8fntd/utg000218l_reads.fasta (8 reads)
  input:      /tmp/tmplmv8fntd/utg000218l.fasta (43,057 bp)
  alignments: /tmp/tmplmv8fntd/utg000218l.paf (4 alignments)
  output:     /tmp/tmplmv8fntd/utg000218l_polished.fasta (0 bp)

Removing empty segment: utg000218l

Running Racon on utg000219l:
  reads:      /tmp/tmplmv8fntd/utg000219l_reads.fasta (3 reads)
  input:      /tmp/tmplmv8fntd/utg000219l.fasta (35,736 bp)
  alignments: /tmp/tmplmv8fntd/utg000219l.paf (0 alignments)
  output:     /tmp/tmplmv8fntd/utg000219l_polished.fasta (0 bp)

Removing empty segment: utg000219l

Running Racon on utg000220l:
  reads:      /tmp/tmplmv8fntd/utg000220l_reads.fasta (8 reads)
  input:      /tmp/tmplmv8fntd/utg000220l.fasta (47,438 bp)
  alignments: /tmp/tmplmv8fntd/utg000220l.paf (2 alignments)
  output:     /tmp/tmplmv8fntd/utg000220l_polished.fasta (0 bp)

Removing empty segment: utg000220l

Running Racon on utg000221l:
  reads:      /tmp/tmplmv8fntd/utg000221l_reads.fasta (4 reads)
  input:      /tmp/tmplmv8fntd/utg000221l.fasta (37,444 bp)
  alignments: /tmp/tmplmv8fntd/utg000221l.paf (0 alignments)
  output:     /tmp/tmplmv8fntd/utg000221l_polished.fasta (0 bp)

Removing empty segment: utg000221l

Running Racon on utg000222l:
  reads:      /tmp/tmplmv8fntd/utg000222l_reads.fasta (27 reads)
  input:      /tmp/tmplmv8fntd/utg000222l.fasta (237,820 bp)
  alignments: /tmp/tmplmv8fntd/utg000222l.paf (7 alignments)
  output:     /tmp/tmplmv8fntd/utg000222l_polished.fasta (0 bp)

Removing empty segment: utg000222l

Running Racon on utg000223l:
  reads:      /tmp/tmplmv8fntd/utg000223l_reads.fasta (10 reads)
  input:      /tmp/tmplmv8fntd/utg000223l.fasta (108,397 bp)
  alignments: /tmp/tmplmv8fntd/utg000223l.paf (1 alignments)
  output:     /tmp/tmplmv8fntd/utg000223l_polished.fasta (0 bp)

Removing empty segment: utg000223l

Running Racon on utg000224l:
  reads:      /tmp/tmplmv8fntd/utg000224l_reads.fasta (12 reads)
  input:      /tmp/tmplmv8fntd/utg000224l.fasta (77,309 bp)
  alignments: /tmp/tmplmv8fntd/utg000224l.paf (0 alignments)
  output:     /tmp/tmplmv8fntd/utg000224l_polished.fasta (0 bp)

Removing empty segment: utg000224l

Running Racon on utg000225l:
  reads:      /tmp/tmplmv8fntd/utg000225l_reads.fasta (7 reads)
  input:      /tmp/tmplmv8fntd/utg000225l.fasta (58,310 bp)
  alignments: /tmp/tmplmv8fntd/utg000225l.paf (2 alignments)
  output:     /tmp/tmplmv8fntd/utg000225l_polished.fasta (0 bp)

Removing empty segment: utg000225l

Running Racon on utg000226l:
  reads:      /tmp/tmplmv8fntd/utg000226l_reads.fasta (9 reads)
  input:      /tmp/tmplmv8fntd/utg000226l.fasta (61,734 bp)
  alignments: /tmp/tmplmv8fntd/utg000226l.paf (0 alignments)
  output:     /tmp/tmplmv8fntd/utg000226l_polished.fasta (0 bp)

Removing empty segment: utg000226l

Running Racon on utg000227l:
  reads:      /tmp/tmplmv8fntd/utg000227l_reads.fasta (6 reads)
  input:      /tmp/tmplmv8fntd/utg000227l.fasta (70,082 bp)
  alignments: /tmp/tmplmv8fntd/utg000227l.paf (1 alignments)
  output:     /tmp/tmplmv8fntd/utg000227l_polished.fasta (0 bp)

Removing empty segment: utg000227l

Running Racon on utg000228c:
  reads:      /tmp/tmplmv8fntd/utg000228c_reads.fasta (3 reads)
  input:      /tmp/tmplmv8fntd/utg000228c.fasta (52,590 bp)
  alignments: /tmp/tmplmv8fntd/utg000228c.paf (1 alignments)
  output:     /tmp/tmplmv8fntd/utg000228c_polished.fasta (0 bp)

Removing empty segment: utg000228c

Running Racon on utg000229l:
  reads:      /tmp/tmplmv8fntd/utg000229l_reads.fasta (10 reads)
  input:      /tmp/tmplmv8fntd/utg000229l.fasta (92,747 bp)
  alignments: /tmp/tmplmv8fntd/utg000229l.paf (0 alignments)
  output:     /tmp/tmplmv8fntd/utg000229l_polished.fasta (0 bp)

Removing empty segment: utg000229l

Running Racon on utg000230l:
  reads:      /tmp/tmplmv8fntd/utg000230l_reads.fasta (61 reads)
  input:      /tmp/tmplmv8fntd/utg000230l.fasta (404,222 bp)
  alignments: /tmp/tmplmv8fntd/utg000230l.paf (15 alignments)
  output:     /tmp/tmplmv8fntd/utg000230l_polished.fasta (0 bp)

Removing empty segment: utg000230l

Running Racon on utg000231l:
  reads:      /tmp/tmplmv8fntd/utg000231l_reads.fasta (15 reads)
  input:      /tmp/tmplmv8fntd/utg000231l.fasta (111,391 bp)
  alignments: /tmp/tmplmv8fntd/utg000231l.paf (4 alignments)
  output:     /tmp/tmplmv8fntd/utg000231l_polished.fasta (0 bp)

Removing empty segment: utg000231l

Running Racon on utg000232l:
  reads:      /tmp/tmplmv8fntd/utg000232l_reads.fasta (8 reads)
  input:      /tmp/tmplmv8fntd/utg000232l.fasta (78,863 bp)
  alignments: /tmp/tmplmv8fntd/utg000232l.paf (0 alignments)
  output:     /tmp/tmplmv8fntd/utg000232l_polished.fasta (0 bp)

Removing empty segment: utg000232l

Running Racon on utg000233c:
  reads:      /tmp/tmplmv8fntd/utg000233c_reads.fasta (2 reads)
  input:      /tmp/tmplmv8fntd/utg000233c.fasta (13,565 bp)
  alignments: /tmp/tmplmv8fntd/utg000233c.paf (0 alignments)
  output:     /tmp/tmplmv8fntd/utg000233c_polished.fasta (0 bp)

Removing empty segment: utg000233c

Running Racon on utg000234l:
  reads:      /tmp/tmplmv8fntd/utg000234l_reads.fasta (5 reads)
  input:      /tmp/tmplmv8fntd/utg000234l.fasta (69,591 bp)
  alignments: /tmp/tmplmv8fntd/utg000234l.paf (0 alignments)
  output:     /tmp/tmplmv8fntd/utg000234l_polished.fasta (0 bp)

Removing empty segment: utg000234l

Running Racon on utg000235l:
  reads:      /tmp/tmplmv8fntd/utg000235l_reads.fasta (4 reads)
  input:      /tmp/tmplmv8fntd/utg000235l.fasta (37,114 bp)
  alignments: /tmp/tmplmv8fntd/utg000235l.paf (1 alignments)
  output:     /tmp/tmplmv8fntd/utg000235l_polished.fasta (0 bp)

Removing empty segment: utg000235l

Running Racon on utg000236l:
  reads:      /tmp/tmplmv8fntd/utg000236l_reads.fasta (2 reads)
  input:      /tmp/tmplmv8fntd/utg000236l.fasta (26,937 bp)
  alignments: /tmp/tmplmv8fntd/utg000236l.paf (1 alignments)
  output:     /tmp/tmplmv8fntd/utg000236l_polished.fasta (0 bp)

Removing empty segment: utg000236l

Running Racon on utg000237l:
  reads:      /tmp/tmplmv8fntd/utg000237l_reads.fasta (5 reads)
  input:      /tmp/tmplmv8fntd/utg000237l.fasta (29,540 bp)
  alignments: /tmp/tmplmv8fntd/utg000237l.paf (2 alignments)
  output:     /tmp/tmplmv8fntd/utg000237l_polished.fasta (0 bp)

Removing empty segment: utg000237l

Running Racon on utg000238l:
  reads:      /tmp/tmplmv8fntd/utg000238l_reads.fasta (7 reads)
  input:      /tmp/tmplmv8fntd/utg000238l.fasta (49,771 bp)
  alignments: /tmp/tmplmv8fntd/utg000238l.paf (0 alignments)
  output:     /tmp/tmplmv8fntd/utg000238l_polished.fasta (0 bp)

Removing empty segment: utg000238l

Running Racon on utg000239l:
  reads:      /tmp/tmplmv8fntd/utg000239l_reads.fasta (10 reads)
  input:      /tmp/tmplmv8fntd/utg000239l.fasta (111,966 bp)
  alignments: /tmp/tmplmv8fntd/utg000239l.paf (0 alignments)
  output:     /tmp/tmplmv8fntd/utg000239l_polished.fasta (0 bp)

Removing empty segment: utg000239l

Running Racon on utg000240l:
  reads:      /tmp/tmplmv8fntd/utg000240l_reads.fasta (16 reads)
  input:      /tmp/tmplmv8fntd/utg000240l.fasta (91,494 bp)
  alignments: /tmp/tmplmv8fntd/utg000240l.paf (1 alignments)
  output:     /tmp/tmplmv8fntd/utg000240l_polished.fasta (0 bp)

Removing empty segment: utg000240l

Running Racon on utg000241l:
  reads:      /tmp/tmplmv8fntd/utg000241l_reads.fasta (24 reads)
  input:      /tmp/tmplmv8fntd/utg000241l.fasta (182,921 bp)
  alignments: /tmp/tmplmv8fntd/utg000241l.paf (4 alignments)
  output:     /tmp/tmplmv8fntd/utg000241l_polished.fasta (0 bp)

Removing empty segment: utg000241l

Running Racon on utg000242l:
  reads:      /tmp/tmplmv8fntd/utg000242l_reads.fasta (6 reads)
  input:      /tmp/tmplmv8fntd/utg000242l.fasta (69,702 bp)
  alignments: /tmp/tmplmv8fntd/utg000242l.paf (1 alignments)
  output:     /tmp/tmplmv8fntd/utg000242l_polished.fasta (0 bp)

Removing empty segment: utg000242l

Running Racon on utg000243l:
  reads:      /tmp/tmplmv8fntd/utg000243l_reads.fasta (8 reads)
  input:      /tmp/tmplmv8fntd/utg000243l.fasta (46,930 bp)
  alignments: /tmp/tmplmv8fntd/utg000243l.paf (2 alignments)
  output:     /tmp/tmplmv8fntd/utg000243l_polished.fasta (0 bp)

Removing empty segment: utg000243l

Running Racon on utg000244l:
  reads:      /tmp/tmplmv8fntd/utg000244l_reads.fasta (23 reads)
  input:      /tmp/tmplmv8fntd/utg000244l.fasta (130,464 bp)
  alignments: /tmp/tmplmv8fntd/utg000244l.paf (3 alignments)
  output:     /tmp/tmplmv8fntd/utg000244l_polished.fasta (0 bp)

Removing empty segment: utg000244l

Running Racon on utg000245l:
  reads:      /tmp/tmplmv8fntd/utg000245l_reads.fasta (7 reads)
  input:      /tmp/tmplmv8fntd/utg000245l.fasta (47,264 bp)
  alignments: /tmp/tmplmv8fntd/utg000245l.paf (2 alignments)
  output:     /tmp/tmplmv8fntd/utg000245l_polished.fasta (0 bp)

Removing empty segment: utg000245l

Running Racon on utg000246l:
  reads:      /tmp/tmplmv8fntd/utg000246l_reads.fasta (36 reads)
  input:      /tmp/tmplmv8fntd/utg000246l.fasta (309,151 bp)
  alignments: /tmp/tmplmv8fntd/utg000246l.paf (7 alignments)
  output:     /tmp/tmplmv8fntd/utg000246l_polished.fasta (0 bp)

Removing empty segment: utg000246l

Skipping Racon for utg000247l (not enough reads)
Removing empty segment: utg000247l

Running Racon on utg000248l:
  reads:      /tmp/tmplmv8fntd/utg000248l_reads.fasta (4 reads)
  input:      /tmp/tmplmv8fntd/utg000248l.fasta (51,271 bp)
  alignments: /tmp/tmplmv8fntd/utg000248l.paf (0 alignments)
  output:     /tmp/tmplmv8fntd/utg000248l_polished.fasta (0 bp)

Removing empty segment: utg000248l

Running Racon on utg000249l:
  reads:      /tmp/tmplmv8fntd/utg000249l_reads.fasta (17 reads)
  input:      /tmp/tmplmv8fntd/utg000249l.fasta (114,366 bp)
  alignments: /tmp/tmplmv8fntd/utg000249l.paf (6 alignments)
  output:     /tmp/tmplmv8fntd/utg000249l_polished.fasta (0 bp)

Removing empty segment: utg000249l

Running Racon on utg000250l:
  reads:      /tmp/tmplmv8fntd/utg000250l_reads.fasta (9 reads)
  input:      /tmp/tmplmv8fntd/utg000250l.fasta (78,832 bp)
  alignments: /tmp/tmplmv8fntd/utg000250l.paf (6 alignments)
  output:     /tmp/tmplmv8fntd/utg000250l_polished.fasta (0 bp)

Removing empty segment: utg000250l

Skipping Racon for utg000251l (not enough reads)
Removing empty segment: utg000251l

Skipping Racon for utg000252l (not enough reads)
Removing empty segment: utg000252l

Running Racon on utg000253l:
  reads:      /tmp/tmplmv8fntd/utg000253l_reads.fasta (5 reads)
  input:      /tmp/tmplmv8fntd/utg000253l.fasta (21,069 bp)
  alignments: /tmp/tmplmv8fntd/utg000253l.paf (1 alignments)
  output:     /tmp/tmplmv8fntd/utg000253l_polished.fasta (0 bp)

Removing empty segment: utg000253l

Skipping Racon for utg000254l (not enough reads)
Removing empty segment: utg000254l

Running Racon on utg000255c:
  reads:      /tmp/tmplmv8fntd/utg000255c_reads.fasta (2 reads)
  input:      /tmp/tmplmv8fntd/utg000255c.fasta (5,024 bp)
  alignments: /tmp/tmplmv8fntd/utg000255c.paf (0 alignments)
  output:     /tmp/tmplmv8fntd/utg000255c_polished.fasta (0 bp)

Removing empty segment: utg000255c

Running Racon on utg000256c:
  reads:      /tmp/tmplmv8fntd/utg000256c_reads.fasta (2 reads)
  input:      /tmp/tmplmv8fntd/utg000256c.fasta (16,454 bp)
  alignments: /tmp/tmplmv8fntd/utg000256c.paf (0 alignments)
  output:     /tmp/tmplmv8fntd/utg000256c_polished.fasta (0 bp)

Removing empty segment: utg000256c

Running Racon on utg000257c:
  reads:      /tmp/tmplmv8fntd/utg000257c_reads.fasta (2 reads)
  input:      /tmp/tmplmv8fntd/utg000257c.fasta (10,903 bp)
  alignments: /tmp/tmplmv8fntd/utg000257c.paf (1 alignments)
  output:     /tmp/tmplmv8fntd/utg000257c_polished.fasta (0 bp)

Removing empty segment: utg000257c

Running Racon on utg000258l:
  reads:      /tmp/tmplmv8fntd/utg000258l_reads.fasta (3 reads)
  input:      /tmp/tmplmv8fntd/utg000258l.fasta (21,270 bp)
  alignments: /tmp/tmplmv8fntd/utg000258l.paf (0 alignments)
  output:     /tmp/tmplmv8fntd/utg000258l_polished.fasta (0 bp)

Removing empty segment: utg000258l

Running Racon on utg000259l:
  reads:      /tmp/tmplmv8fntd/utg000259l_reads.fasta (11 reads)
  input:      /tmp/tmplmv8fntd/utg000259l.fasta (123,249 bp)
  alignments: /tmp/tmplmv8fntd/utg000259l.paf (0 alignments)
  output:     /tmp/tmplmv8fntd/utg000259l_polished.fasta (0 bp)

Removing empty segment: utg000259l

Running Racon on utg000260l:
  reads:      /tmp/tmplmv8fntd/utg000260l_reads.fasta (12 reads)
  input:      /tmp/tmplmv8fntd/utg000260l.fasta (82,586 bp)
  alignments: /tmp/tmplmv8fntd/utg000260l.paf (0 alignments)
  output:     /tmp/tmplmv8fntd/utg000260l_polished.fasta (0 bp)

Removing empty segment: utg000260l

Running Racon on utg000261l:
  reads:      /tmp/tmplmv8fntd/utg000261l_reads.fasta (15 reads)
  input:      /tmp/tmplmv8fntd/utg000261l.fasta (90,573 bp)
  alignments: /tmp/tmplmv8fntd/utg000261l.paf (2 alignments)
  output:     /tmp/tmplmv8fntd/utg000261l_polished.fasta (0 bp)

Removing empty segment: utg000261l

Running Racon on utg000262l:
  reads:      /tmp/tmplmv8fntd/utg000262l_reads.fasta (4 reads)
  input:      /tmp/tmplmv8fntd/utg000262l.fasta (39,455 bp)
  alignments: /tmp/tmplmv8fntd/utg000262l.paf (0 alignments)
  output:     /tmp/tmplmv8fntd/utg000262l_polished.fasta (0 bp)

Removing empty segment: utg000262l

Running Racon on utg000263l:
  reads:      /tmp/tmplmv8fntd/utg000263l_reads.fasta (6 reads)
  input:      /tmp/tmplmv8fntd/utg000263l.fasta (59,849 bp)
  alignments: /tmp/tmplmv8fntd/utg000263l.paf (0 alignments)
  output:     /tmp/tmplmv8fntd/utg000263l_polished.fasta (0 bp)

Removing empty segment: utg000263l

Running Racon on utg000264c:
  reads:      /tmp/tmplmv8fntd/utg000264c_reads.fasta (2 reads)
  input:      /tmp/tmplmv8fntd/utg000264c.fasta (2,755 bp)
  alignments: /tmp/tmplmv8fntd/utg000264c.paf (1 alignments)
  output:     /tmp/tmplmv8fntd/utg000264c_polished.fasta (0 bp)

Removing empty segment: utg000264c

Running Racon on utg000265l:
  reads:      /tmp/tmplmv8fntd/utg000265l_reads.fasta (5 reads)
  input:      /tmp/tmplmv8fntd/utg000265l.fasta (34,302 bp)
  alignments: /tmp/tmplmv8fntd/utg000265l.paf (1 alignments)
  output:     /tmp/tmplmv8fntd/utg000265l_polished.fasta (0 bp)

Removing empty segment: utg000265l

Running Racon on utg000266l:
  reads:      /tmp/tmplmv8fntd/utg000266l_reads.fasta (10 reads)
  input:      /tmp/tmplmv8fntd/utg000266l.fasta (65,357 bp)
  alignments: /tmp/tmplmv8fntd/utg000266l.paf (1 alignments)
  output:     /tmp/tmplmv8fntd/utg000266l_polished.fasta (0 bp)

Removing empty segment: utg000266l

Running Racon on utg000267c:
  reads:      /tmp/tmplmv8fntd/utg000267c_reads.fasta (2 reads)
  input:      /tmp/tmplmv8fntd/utg000267c.fasta (6,326 bp)
  alignments: /tmp/tmplmv8fntd/utg000267c.paf (1 alignments)
  output:     /tmp/tmplmv8fntd/utg000267c_polished.fasta (0 bp)

Removing empty segment: utg000267c

Running Racon on utg000268l:
  reads:      /tmp/tmplmv8fntd/utg000268l_reads.fasta (8 reads)
  input:      /tmp/tmplmv8fntd/utg000268l.fasta (59,845 bp)
  alignments: /tmp/tmplmv8fntd/utg000268l.paf (2 alignments)
  output:     /tmp/tmplmv8fntd/utg000268l_polished.fasta (0 bp)

Removing empty segment: utg000268l

Running Racon on utg000269l:
  reads:      /tmp/tmplmv8fntd/utg000269l_reads.fasta (6 reads)
  input:      /tmp/tmplmv8fntd/utg000269l.fasta (49,349 bp)
  alignments: /tmp/tmplmv8fntd/utg000269l.paf (1 alignments)
  output:     /tmp/tmplmv8fntd/utg000269l_polished.fasta (0 bp)

Removing empty segment: utg000269l

Running Racon on utg000270c:
  reads:      /tmp/tmplmv8fntd/utg000270c_reads.fasta (2 reads)
  input:      /tmp/tmplmv8fntd/utg000270c.fasta (13,017 bp)
  alignments: /tmp/tmplmv8fntd/utg000270c.paf (2 alignments)
  output:     /tmp/tmplmv8fntd/utg000270c_polished.fasta (0 bp)

Removing empty segment: utg000270c

Running Racon on utg000271l:
  reads:      /tmp/tmplmv8fntd/utg000271l_reads.fasta (8 reads)
  input:      /tmp/tmplmv8fntd/utg000271l.fasta (38,870 bp)
  alignments: /tmp/tmplmv8fntd/utg000271l.paf (0 alignments)
  output:     /tmp/tmplmv8fntd/utg000271l_polished.fasta (0 bp)

Removing empty segment: utg000271l

Running Racon on utg000272l:
  reads:      /tmp/tmplmv8fntd/utg000272l_reads.fasta (5 reads)
  input:      /tmp/tmplmv8fntd/utg000272l.fasta (30,401 bp)
  alignments: /tmp/tmplmv8fntd/utg000272l.paf (0 alignments)
  output:     /tmp/tmplmv8fntd/utg000272l_polished.fasta (0 bp)

Removing empty segment: utg000272l

Running Racon on utg000273l:
  reads:      /tmp/tmplmv8fntd/utg000273l_reads.fasta (10 reads)
  input:      /tmp/tmplmv8fntd/utg000273l.fasta (84,475 bp)
  alignments: /tmp/tmplmv8fntd/utg000273l.paf (1 alignments)
  output:     /tmp/tmplmv8fntd/utg000273l_polished.fasta (0 bp)

Removing empty segment: utg000273l

Running Racon on utg000274l:
  reads:      /tmp/tmplmv8fntd/utg000274l_reads.fasta (6 reads)
  input:      /tmp/tmplmv8fntd/utg000274l.fasta (63,602 bp)
  alignments: /tmp/tmplmv8fntd/utg000274l.paf (0 alignments)
  output:     /tmp/tmplmv8fntd/utg000274l_polished.fasta (0 bp)

Removing empty segment: utg000274l

Running Racon on utg000275l:
  reads:      /tmp/tmplmv8fntd/utg000275l_reads.fasta (6 reads)
  input:      /tmp/tmplmv8fntd/utg000275l.fasta (39,136 bp)
  alignments: /tmp/tmplmv8fntd/utg000275l.paf (1 alignments)
  output:     /tmp/tmplmv8fntd/utg000275l_polished.fasta (0 bp)

Removing empty segment: utg000275l

Running Racon on utg000276l:
  reads:      /tmp/tmplmv8fntd/utg000276l_reads.fasta (5 reads)
  input:      /tmp/tmplmv8fntd/utg000276l.fasta (39,621 bp)
  alignments: /tmp/tmplmv8fntd/utg000276l.paf (1 alignments)
  output:     /tmp/tmplmv8fntd/utg000276l_polished.fasta (0 bp)

Removing empty segment: utg000276l

Skipping Racon for utg000277l (not enough reads)
Removing empty segment: utg000277l

Skipping Racon for utg000278l (not enough reads)
Removing empty segment: utg000278l

Running Racon on utg000279l:
  reads:      /tmp/tmplmv8fntd/utg000279l_reads.fasta (8 reads)
  input:      /tmp/tmplmv8fntd/utg000279l.fasta (43,936 bp)
  alignments: /tmp/tmplmv8fntd/utg000279l.paf (1 alignments)
  output:     /tmp/tmplmv8fntd/utg000279l_polished.fasta (0 bp)

Removing empty segment: utg000279l

Skipping Racon for utg000280l (not enough reads)
Removing empty segment: utg000280l

Running Racon on utg000281l:
  reads:      /tmp/tmplmv8fntd/utg000281l_reads.fasta (9 reads)
  input:      /tmp/tmplmv8fntd/utg000281l.fasta (70,249 bp)
  alignments: /tmp/tmplmv8fntd/utg000281l.paf (3 alignments)
  output:     /tmp/tmplmv8fntd/utg000281l_polished.fasta (0 bp)

Removing empty segment: utg000281l

Running Racon on utg000282l:
  reads:      /tmp/tmplmv8fntd/utg000282l_reads.fasta (3 reads)
  input:      /tmp/tmplmv8fntd/utg000282l.fasta (54,225 bp)
  alignments: /tmp/tmplmv8fntd/utg000282l.paf (2 alignments)
  output:     /tmp/tmplmv8fntd/utg000282l_polished.fasta (0 bp)

Removing empty segment: utg000282l

Running Racon on utg000283l:
  reads:      /tmp/tmplmv8fntd/utg000283l_reads.fasta (5 reads)
  input:      /tmp/tmplmv8fntd/utg000283l.fasta (71,886 bp)
  alignments: /tmp/tmplmv8fntd/utg000283l.paf (0 alignments)
  output:     /tmp/tmplmv8fntd/utg000283l_polished.fasta (0 bp)

Removing empty segment: utg000283l

Running Racon on utg000284l:
  reads:      /tmp/tmplmv8fntd/utg000284l_reads.fasta (6 reads)
  input:      /tmp/tmplmv8fntd/utg000284l.fasta (46,300 bp)
  alignments: /tmp/tmplmv8fntd/utg000284l.paf (1 alignments)
  output:     /tmp/tmplmv8fntd/utg000284l_polished.fasta (0 bp)

Removing empty segment: utg000284l

Running Racon on utg000285c:
  reads:      /tmp/tmplmv8fntd/utg000285c_reads.fasta (2 reads)
  input:      /tmp/tmplmv8fntd/utg000285c.fasta (4,151 bp)
  alignments: /tmp/tmplmv8fntd/utg000285c.paf (0 alignments)
  output:     /tmp/tmplmv8fntd/utg000285c_polished.fasta (0 bp)

Removing empty segment: utg000285c

Running Racon on utg000286c:
  reads:      /tmp/tmplmv8fntd/utg000286c_reads.fasta (2 reads)
  input:      /tmp/tmplmv8fntd/utg000286c.fasta (6,838 bp)
  alignments: /tmp/tmplmv8fntd/utg000286c.paf (1 alignments)
  output:     /tmp/tmplmv8fntd/utg000286c_polished.fasta (0 bp)

Removing empty segment: utg000286c

Running Racon on utg000287c:
  reads:      /tmp/tmplmv8fntd/utg000287c_reads.fasta (2 reads)
  input:      /tmp/tmplmv8fntd/utg000287c.fasta (2,136 bp)
  alignments: /tmp/tmplmv8fntd/utg000287c.paf (0 alignments)
  output:     /tmp/tmplmv8fntd/utg000287c_polished.fasta (0 bp)

Removing empty segment: utg000287c



[93m[1m[4mFull polishing rounds[0m
[2m    The assembly graph is now polished using all of the reads. Multiple rounds[0m
[2mof polishing are done, and circular contigs are rotated between rounds.[0m


Running Racon on round_1:
  reads:      /home/ubuntu/avas/data/DNA/ONT/Aphrocallistes_DNA_guppy-3.4.5_R9.4.1_450bps_hac_porechopped_lordec_combined_1kb.fasta.gz (1,848,600 reads)
  input:      /tmp/tmplmv8fntd/round_1.fasta (16,244,898 bp)
  alignments: /tmp/tmplmv8fntd/round_1.paf (4,989,666 alignments)
  output:     /tmp/tmplmv8fntd/round_1_polished.fasta (16,257,234 bp)
  fix ends:   16,257,234 bp -> 16,258,779 bp


Running Racon on round_2:
  reads:      /home/ubuntu/avas/data/DNA/ONT/Aphrocallistes_DNA_guppy-3.4.5_R9.4.1_450bps_hac_porechopped_lordec_combined_1kb.fasta.gz (1,848,600 reads)
  input:      /tmp/tmplmv8fntd/round_2.fasta (16,258,779 bp)
  alignments: /tmp/tmplmv8fntd/round_2.paf (7,632,988 alignments)
  output:     /tmp/tmplmv8fntd/round_2_polished.fasta (15,938,490 bp)
  fix ends:   15,938,490 bp -> 15,940,806 bp


[93m[1m[4mAssign read depths[0m
[2m    The reads are aligned to the contigs one final time to calculate read depth[0m
[2mvalues.[0m

Aligning reads:
  reads:      /home/ubuntu/avas/data/DNA/ONT/Aphrocallistes_DNA_guppy-3.4.5_R9.4.1_450bps_hac_porechopped_lordec_combined_1kb.fasta.gz (1,848,600 reads)
  contigs:    /tmp/tmplmv8fntd/depths.fasta (15,940,806 bp)
  alignments: /tmp/tmplmv8fntd/depths.paf (7,695,881 alignments)
  mean depth: 345.535x

